[2015-12-08 13:07:08.221] [ERROR] company_id_error - name is :上海稳飞实业有限公司, company_id is null
[2015-12-08 13:07:08.237] [ERROR] company_id_error - name is :上海犇帅实业有限公司, company_id is null
[2015-12-08 13:07:08.253] [ERROR] company_id_error - name is :上海融加实业发展有限公司, company_id is null
[2015-12-08 13:07:08.322] [ERROR] company_id_error - name is :上海霖柜实业有限公司, company_id is null
[2015-12-08 13:07:08.556] [ERROR] company_id_error - name is :上海谦煌实业有限公司, company_id is null
[2015-12-08 13:07:08.878] [ERROR] company_id_error - name is :上海系榴实业有限公司, company_id is null
[2015-12-08 13:07:09.056] [ERROR] company_id_error - name is :上海淤翔实业有限公司, company_id is null
[2015-12-08 13:07:09.072] [ERROR] company_id_error - name is :上海里尘实业有限公司, company_id is null
[2015-12-08 13:07:09.087] [ERROR] company_id_error - name is :上海玉藏实业有限公司, company_id is null
[2015-12-08 13:07:09.103] [ERROR] company_id_error - name is :上海粒记实业有限公司, company_id is null
[2015-12-08 13:07:09.125] [ERROR] company_id_error - name is :上海恭厚实业投资有限公司, company_id is null
[2015-12-08 13:07:09.125] [ERROR] company_id_error - name is :上海牧义实业有限公司, company_id is null
[2015-12-08 13:07:09.140] [ERROR] company_id_error - name is :上海新台实业有限公司, company_id is null
[2015-12-08 13:07:09.140] [ERROR] company_id_error - name is :上海顶欢实业有限公司, company_id is null
[2015-12-08 13:07:09.207] [ERROR] company_id_error - name is :上海贤坦实业有限公司, company_id is null
[2015-12-08 13:07:09.274] [ERROR] company_id_error - name is :上海鹏皇实业有限公司, company_id is null
[2015-12-08 13:07:09.274] [ERROR] company_id_error - name is :上海花泰实业有限公司, company_id is null
[2015-12-08 13:07:09.290] [ERROR] company_id_error - name is :上海勋驭实业有限公司, company_id is null
[2015-12-08 13:07:09.290] [ERROR] company_id_error - name is :上海乾岚实业有限公司, company_id is null
[2015-12-08 13:07:09.307] [ERROR] company_id_error - name is :上海崇坡实业有限公司, company_id is null
[2015-12-08 13:07:09.370] [ERROR] company_id_error - name is :上海五恒实业有限公司, company_id is null
[2015-12-08 13:07:09.370] [ERROR] company_id_error - name is :上海聚焉实业有限公司, company_id is null
[2015-12-08 13:07:09.457] [ERROR] company_id_error - name is :上海燕蕤实业有限公司, company_id is null
[2015-12-08 13:07:09.473] [ERROR] company_id_error - name is :上海卓纳实业有限公司, company_id is null
[2015-12-08 13:07:09.488] [ERROR] company_id_error - name is :上海仝远实业有限公司, company_id is null
[2015-12-08 13:07:09.537] [ERROR] company_id_error - name is :上海涌涤实业有限公司, company_id is null
[2015-12-08 13:07:09.673] [ERROR] company_id_error - name is :上海璞圣实业有限公司, company_id is null
[2015-12-08 13:07:09.756] [ERROR] company_id_error - name is :上海瑶瞬实业有限公司, company_id is null
[2015-12-08 13:07:15.207] [ERROR] company_id_error - name is :上海尤伊实业有限公司, company_id is null
[2015-12-08 13:07:15.211] [ERROR] company_id_error - name is :上海沃玄实业有限公司, company_id is null
[2015-12-08 13:07:15.458] [ERROR] company_id_error - name is :上海斯马利实业有限公司, company_id is null
[2015-12-08 13:07:15.522] [ERROR] company_id_error - name is :上海御霸实业有限公司, company_id is null
[2015-12-08 13:07:15.722] [ERROR] company_id_error - name is :上海轩嫣实业有限公司, company_id is null
[2015-12-08 13:07:15.903] [ERROR] company_id_error - name is :上海洲溪实业有限公司, company_id is null
[2015-12-08 13:07:15.906] [ERROR] company_id_error - name is :上海祎阳实业有限公司, company_id is null
[2015-12-08 13:07:15.906] [ERROR] company_id_error - name is :上海丞毅实业有限公司, company_id is null
[2015-12-08 13:07:15.922] [ERROR] company_id_error - name is :上海朴因实业有限公司, company_id is null
[2015-12-08 13:07:16.814] [ERROR] company_id_error - name is :上海虞州实业有限公司, company_id is null
[2015-12-08 13:07:16.814] [ERROR] company_id_error - name is :上海放逐之刃实业有限公司, company_id is null
[2015-12-08 13:07:16.830] [ERROR] company_id_error - name is :上海逸飒实业有限公司, company_id is null
[2015-12-08 13:07:16.830] [ERROR] company_id_error - name is :上海徽宣实业有限公司, company_id is null
[2015-12-08 13:07:16.830] [ERROR] company_id_error - name is :上海其琛实业有限公司, company_id is null
[2015-12-08 13:07:16.861] [ERROR] company_id_error - name is :上海蓝叙实业有限公司, company_id is null
[2015-12-08 13:07:16.877] [ERROR] company_id_error - name is :上海彬郁实业有限公司, company_id is null
[2015-12-08 13:07:16.877] [ERROR] company_id_error - name is :上海礼赫实业有限公司, company_id is null
[2015-12-08 13:07:16.877] [ERROR] company_id_error - name is :上海铁裕实业有限公司, company_id is null
[2015-12-08 13:07:16.908] [ERROR] company_id_error - name is :上海汇磐实业有限公司, company_id is null
[2015-12-08 13:07:16.970] [ERROR] company_id_error - name is :上海煌凌实业有限公司, company_id is null
[2015-12-08 13:07:22.482] [ERROR] company_id_error - name is :上海缀嘉实业有限公司, company_id is null
[2015-12-08 13:07:22.560] [ERROR] company_id_error - name is :上海巧英实业有限公司, company_id is null
[2015-12-08 13:07:22.576] [ERROR] company_id_error - name is :上海亦烁实业有限公司, company_id is null
[2015-12-08 13:07:22.591] [ERROR] company_id_error - name is :医跃（上海）实业有限公司, company_id is null
[2015-12-08 13:07:22.591] [ERROR] company_id_error - name is :上海都灏实业有限公司, company_id is null
[2015-12-08 13:07:23.426] [ERROR] company_id_error - name is :上海贞越实业有限公司, company_id is null
[2015-12-08 13:07:23.566] [ERROR] company_id_error - name is :上海鹿马格实业有限公司, company_id is null
[2015-12-08 13:07:23.613] [ERROR] company_id_error - name is :上海义广实业有限公司, company_id is null
[2015-12-08 13:07:23.832] [ERROR] company_id_error - name is :上海仁契实业有限公司, company_id is null
[2015-12-08 13:07:23.832] [ERROR] company_id_error - name is :上海筱捷实业有限公司, company_id is null
[2015-12-08 13:07:23.988] [ERROR] company_id_error - name is :上海御贯实业有限公司, company_id is null
[2015-12-08 13:07:24.237] [ERROR] company_id_error - name is :上海科乌实业有限公司, company_id is null
[2015-12-08 13:07:25.064] [ERROR] company_id_error - name is :上海辟泉实业有限公司, company_id is null
[2015-12-08 13:07:25.126] [ERROR] company_id_error - name is :上海拾达实业有限公司, company_id is null
[2015-12-08 13:07:25.142] [ERROR] company_id_error - name is :上海鲜沂实业有限公司, company_id is null
[2015-12-08 13:07:25.142] [ERROR] company_id_error - name is :上海儒帅实业有限公司, company_id is null
[2015-12-08 13:07:25.142] [ERROR] company_id_error - name is :上海琴系实业有限公司, company_id is null
[2015-12-08 13:07:25.142] [ERROR] company_id_error - name is :上海跨技实业有限公司, company_id is null
[2015-12-08 13:07:25.142] [ERROR] company_id_error - name is :上海凯桃实业有限公司, company_id is null
[2015-12-08 13:07:25.158] [ERROR] company_id_error - name is :上海滨迪实业有限公司, company_id is null
[2015-12-08 13:07:25.158] [ERROR] company_id_error - name is :上海海缪实业有限公司, company_id is null
[2015-12-08 13:07:25.158] [ERROR] company_id_error - name is :上海侗霞实业有限公司, company_id is null
[2015-12-08 13:07:25.158] [ERROR] company_id_error - name is :上海卉心实业有限公司, company_id is null
[2015-12-08 13:07:25.236] [ERROR] company_id_error - name is :上海戈侬实业有限公司, company_id is null
[2015-12-08 13:07:25.236] [ERROR] company_id_error - name is :上海旁帆实业有限公司, company_id is null
[2015-12-08 13:07:27.671] [ERROR] company_id_error - name is :上海礼博实业发展有限公司, company_id is null
[2015-12-08 13:07:27.687] [ERROR] company_id_error - name is :上海慈伊实业有限公司, company_id is null
[2015-12-08 13:07:27.734] [ERROR] company_id_error - name is :上海帆陆实业有限公司, company_id is null
[2015-12-08 13:07:32.133] [ERROR] company_id_error - name is :上海喆涛实业有限公司, company_id is null
[2015-12-08 13:09:23.504] [ERROR] company_id_error - name is :上海新台实业有限公司, company_id is null
[2015-12-08 13:09:23.504] [ERROR] company_id_error - name is :上海贤坦实业有限公司, company_id is null
[2015-12-08 13:09:23.504] [ERROR] company_id_error - name is :上海谦煌实业有限公司, company_id is null
[2015-12-08 13:09:23.522] [ERROR] company_id_error - name is :上海璞圣实业有限公司, company_id is null
[2015-12-08 13:09:23.524] [ERROR] company_id_error - name is :上海稳飞实业有限公司, company_id is null
[2015-12-08 13:09:23.540] [ERROR] company_id_error - name is :上海瑶瞬实业有限公司, company_id is null
[2015-12-08 13:09:23.540] [ERROR] company_id_error - name is :上海霖柜实业有限公司, company_id is null
[2015-12-08 13:09:23.555] [ERROR] company_id_error - name is :上海粒记实业有限公司, company_id is null
[2015-12-08 13:09:23.555] [ERROR] company_id_error - name is :上海里尘实业有限公司, company_id is null
[2015-12-08 13:09:23.555] [ERROR] company_id_error - name is :上海聚焉实业有限公司, company_id is null
[2015-12-08 13:09:23.555] [ERROR] company_id_error - name is :上海犇帅实业有限公司, company_id is null
[2015-12-08 13:09:23.573] [ERROR] company_id_error - name is :上海崇坡实业有限公司, company_id is null
[2015-12-08 13:09:23.589] [ERROR] company_id_error - name is :上海系榴实业有限公司, company_id is null
[2015-12-08 13:09:23.604] [ERROR] company_id_error - name is :上海花泰实业有限公司, company_id is null
[2015-12-08 13:09:23.678] [ERROR] company_id_error - name is :上海玉藏实业有限公司, company_id is null
[2015-12-08 13:09:23.688] [ERROR] company_id_error - name is :上海乾岚实业有限公司, company_id is null
[2015-12-08 13:09:23.700] [ERROR] company_id_error - name is :上海淤翔实业有限公司, company_id is null
[2015-12-08 13:09:23.703] [ERROR] company_id_error - name is :上海恭厚实业投资有限公司, company_id is null
[2015-12-08 13:09:23.706] [ERROR] company_id_error - name is :上海鹏皇实业有限公司, company_id is null
[2015-12-08 13:09:23.708] [ERROR] company_id_error - name is :上海顶欢实业有限公司, company_id is null
[2015-12-08 13:09:23.708] [ERROR] company_id_error - name is :上海融加实业发展有限公司, company_id is null
[2015-12-08 13:09:23.708] [ERROR] company_id_error - name is :上海牧义实业有限公司, company_id is null
[2015-12-08 13:09:23.824] [ERROR] company_id_error - name is :上海五恒实业有限公司, company_id is null
[2015-12-08 13:09:23.891] [ERROR] company_id_error - name is :上海勋驭实业有限公司, company_id is null
[2015-12-08 13:09:24.023] [ERROR] company_id_error - name is :上海乾岚实业有限公司, company_id is null
[2015-12-08 13:09:24.023] [ERROR] company_id_error - name is :上海勋驭实业有限公司, company_id is null
[2015-12-08 13:09:24.023] [ERROR] company_id_error - name is :上海贤坦实业有限公司, company_id is null
[2015-12-08 13:09:24.038] [ERROR] company_id_error - name is :上海淤翔实业有限公司, company_id is null
[2015-12-08 13:09:24.038] [ERROR] company_id_error - name is :上海恭厚实业投资有限公司, company_id is null
[2015-12-08 13:09:24.038] [ERROR] company_id_error - name is :上海玉藏实业有限公司, company_id is null
[2015-12-08 13:09:24.038] [ERROR] company_id_error - name is :上海鹏皇实业有限公司, company_id is null
[2015-12-08 13:09:24.104] [ERROR] company_id_error - name is :上海新台实业有限公司, company_id is null
[2015-12-08 13:09:24.122] [ERROR] company_id_error - name is :上海璞圣实业有限公司, company_id is null
[2015-12-08 13:09:24.124] [ERROR] company_id_error - name is :上海崇坡实业有限公司, company_id is null
[2015-12-08 13:09:24.523] [ERROR] company_id_error - name is :上海卓纳实业有限公司, company_id is null
[2015-12-08 13:09:24.523] [ERROR] company_id_error - name is :上海仝远实业有限公司, company_id is null
[2015-12-08 13:09:24.523] [ERROR] company_id_error - name is :上海涌涤实业有限公司, company_id is null
[2015-12-08 13:09:24.588] [ERROR] company_id_error - name is :上海燕蕤实业有限公司, company_id is null
[2015-12-08 13:09:31.970] [ERROR] company_id_error - name is :上海丞毅实业有限公司, company_id is null
[2015-12-08 13:09:32.145] [ERROR] company_id_error - name is :上海祎阳实业有限公司, company_id is null
[2015-12-08 13:09:32.149] [ERROR] company_id_error - name is :上海洲溪实业有限公司, company_id is null
[2015-12-08 13:09:32.287] [ERROR] company_id_error - name is :上海彬郁实业有限公司, company_id is null
[2015-12-08 13:09:32.302] [ERROR] company_id_error - name is :上海其琛实业有限公司, company_id is null
[2015-12-08 13:09:32.343] [ERROR] company_id_error - name is :上海汇磐实业有限公司, company_id is null
[2015-12-08 13:09:32.401] [ERROR] company_id_error - name is :上海徽宣实业有限公司, company_id is null
[2015-12-08 13:09:32.405] [ERROR] company_id_error - name is :上海放逐之刃实业有限公司, company_id is null
[2015-12-08 13:09:32.605] [ERROR] company_id_error - name is :上海尤伊实业有限公司, company_id is null
[2015-12-08 13:09:32.636] [ERROR] company_id_error - name is :上海朴因实业有限公司, company_id is null
[2015-12-08 13:09:32.686] [ERROR] company_id_error - name is :上海御霸实业有限公司, company_id is null
[2015-12-08 13:09:32.788] [ERROR] company_id_error - name is :上海轩嫣实业有限公司, company_id is null
[2015-12-08 13:09:32.803] [ERROR] company_id_error - name is :上海沃玄实业有限公司, company_id is null
[2015-12-08 13:09:32.846] [ERROR] company_id_error - name is :上海斯马利实业有限公司, company_id is null
[2015-12-08 13:09:33.303] [ERROR] company_id_error - name is :上海逸飒实业有限公司, company_id is null
[2015-12-08 13:09:33.546] [ERROR] company_id_error - name is :上海铁裕实业有限公司, company_id is null
[2015-12-08 13:09:33.589] [ERROR] company_id_error - name is :上海礼赫实业有限公司, company_id is null
[2015-12-08 13:09:33.653] [ERROR] company_id_error - name is :上海煌凌实业有限公司, company_id is null
[2015-12-08 13:09:33.773] [ERROR] company_id_error - name is :上海虞州实业有限公司, company_id is null
[2015-12-08 13:09:33.796] [ERROR] company_id_error - name is :上海蓝叙实业有限公司, company_id is null
[2015-12-08 13:09:42.625] [ERROR] company_id_error - name is :上海巧英实业有限公司, company_id is null
[2015-12-08 13:09:42.629] [ERROR] company_id_error - name is :上海都灏实业有限公司, company_id is null
[2015-12-08 13:09:43.330] [ERROR] company_id_error - name is :上海亦烁实业有限公司, company_id is null
[2015-12-08 13:09:43.330] [ERROR] company_id_error - name is :医跃（上海）实业有限公司, company_id is null
[2015-12-08 13:09:43.504] [ERROR] company_id_error - name is :上海御贯实业有限公司, company_id is null
[2015-12-08 13:09:43.504] [ERROR] company_id_error - name is :上海缀嘉实业有限公司, company_id is null
[2015-12-08 13:09:43.755] [ERROR] company_id_error - name is :上海贞越实业有限公司, company_id is null
[2015-12-08 13:09:44.008] [ERROR] company_id_error - name is :上海筱捷实业有限公司, company_id is null
[2015-12-08 13:09:44.013] [ERROR] company_id_error - name is :上海义广实业有限公司, company_id is null
[2015-12-08 13:09:44.103] [ERROR] company_id_error - name is :上海科乌实业有限公司, company_id is null
[2015-12-08 13:09:44.122] [ERROR] company_id_error - name is :上海仁契实业有限公司, company_id is null
[2015-12-08 13:09:44.280] [ERROR] company_id_error - name is :上海戈侬实业有限公司, company_id is null
[2015-12-08 13:09:44.280] [ERROR] company_id_error - name is :上海侗霞实业有限公司, company_id is null
[2015-12-08 13:09:44.336] [ERROR] company_id_error - name is :上海鲜沂实业有限公司, company_id is null
[2015-12-08 13:09:44.340] [ERROR] company_id_error - name is :上海琴系实业有限公司, company_id is null
[2015-12-08 13:09:44.347] [ERROR] company_id_error - name is :上海滨迪实业有限公司, company_id is null
[2015-12-08 13:09:44.351] [ERROR] company_id_error - name is :上海辟泉实业有限公司, company_id is null
[2015-12-08 13:09:44.355] [ERROR] company_id_error - name is :上海跨技实业有限公司, company_id is null
[2015-12-08 13:09:44.357] [ERROR] company_id_error - name is :上海海缪实业有限公司, company_id is null
[2015-12-08 13:09:44.360] [ERROR] company_id_error - name is :上海儒帅实业有限公司, company_id is null
[2015-12-08 13:09:44.363] [ERROR] company_id_error - name is :上海凯桃实业有限公司, company_id is null
[2015-12-08 13:09:44.367] [ERROR] company_id_error - name is :上海旁帆实业有限公司, company_id is null
[2015-12-08 13:09:44.370] [ERROR] company_id_error - name is :上海卉心实业有限公司, company_id is null
[2015-12-08 13:09:44.422] [ERROR] company_id_error - name is :上海拾达实业有限公司, company_id is null
[2015-12-08 13:09:44.488] [ERROR] company_id_error - name is :上海鹿马格实业有限公司, company_id is null
[2015-12-08 13:09:45.355] [ERROR] company_id_error - name is :上海礼博实业发展有限公司, company_id is null
[2015-12-08 13:09:45.522] [ERROR] company_id_error - name is :上海帆陆实业有限公司, company_id is null
[2015-12-08 13:09:45.606] [ERROR] company_id_error - name is :上海慈伊实业有限公司, company_id is null
[2015-12-08 13:09:52.072] [ERROR] company_id_error - name is :上海喆涛实业有限公司, company_id is null
[2015-12-08 13:12:59.935] [ERROR] company_id_error - name is :上海融加实业发展有限公司, company_id is null
[2015-12-08 13:12:59.935] [ERROR] company_id_error - name is :上海霖柜实业有限公司, company_id is null
[2015-12-08 13:12:59.950] [ERROR] company_id_error - name is :上海顶欢实业有限公司, company_id is null
[2015-12-08 13:12:59.950] [ERROR] company_id_error - name is :上海谦煌实业有限公司, company_id is null
[2015-12-08 13:13:00.101] [ERROR] company_id_error - name is :上海犇帅实业有限公司, company_id is null
[2015-12-08 13:13:00.121] [ERROR] company_id_error - name is :上海稳飞实业有限公司, company_id is null
[2015-12-08 13:13:00.121] [ERROR] company_id_error - name is :上海系榴实业有限公司, company_id is null
[2015-12-08 13:13:01.535] [ERROR] company_id_error - name is :上海五恒实业有限公司, company_id is null
[2015-12-08 13:13:01.535] [ERROR] company_id_error - name is :上海瑶瞬实业有限公司, company_id is null
[2015-12-08 13:13:01.566] [ERROR] company_id_error - name is :上海里尘实业有限公司, company_id is null
[2015-12-08 13:13:01.570] [ERROR] company_id_error - name is :上海花泰实业有限公司, company_id is null
[2015-12-08 13:13:01.586] [ERROR] company_id_error - name is :上海聚焉实业有限公司, company_id is null
[2015-12-08 13:13:01.690] [ERROR] company_id_error - name is :上海粒记实业有限公司, company_id is null
[2015-12-08 13:13:01.809] [ERROR] company_id_error - name is :上海牧义实业有限公司, company_id is null
[2015-12-08 13:13:02.873] [ERROR] company_id_error - name is :上海乾岚实业有限公司, company_id is null
[2015-12-08 13:13:02.889] [ERROR] company_id_error - name is :上海贤坦实业有限公司, company_id is null
[2015-12-08 13:13:02.889] [ERROR] company_id_error - name is :上海淤翔实业有限公司, company_id is null
[2015-12-08 13:13:02.889] [ERROR] company_id_error - name is :上海崇坡实业有限公司, company_id is null
[2015-12-08 13:13:02.905] [ERROR] company_id_error - name is :上海新台实业有限公司, company_id is null
[2015-12-08 13:13:02.905] [ERROR] company_id_error - name is :上海玉藏实业有限公司, company_id is null
[2015-12-08 13:13:02.921] [ERROR] company_id_error - name is :上海鹏皇实业有限公司, company_id is null
[2015-12-08 13:13:02.921] [ERROR] company_id_error - name is :上海涌涤实业有限公司, company_id is null
[2015-12-08 13:13:03.000] [ERROR] company_id_error - name is :上海勋驭实业有限公司, company_id is null
[2015-12-08 13:13:03.000] [ERROR] company_id_error - name is :上海卓纳实业有限公司, company_id is null
[2015-12-08 13:13:03.022] [ERROR] company_id_error - name is :上海燕蕤实业有限公司, company_id is null
[2015-12-08 13:13:03.026] [ERROR] company_id_error - name is :上海仝远实业有限公司, company_id is null
[2015-12-08 13:13:03.071] [ERROR] company_id_error - name is :上海恭厚实业投资有限公司, company_id is null
[2015-12-08 13:13:03.320] [ERROR] company_id_error - name is :上海璞圣实业有限公司, company_id is null
[2015-12-08 13:13:10.569] [ERROR] company_id_error - name is :上海丞毅实业有限公司, company_id is null
[2015-12-08 13:13:10.685] [ERROR] company_id_error - name is :上海洲溪实业有限公司, company_id is null
[2015-12-08 13:13:10.700] [ERROR] company_id_error - name is :上海祎阳实业有限公司, company_id is null
[2015-12-08 13:13:11.292] [ERROR] company_id_error - name is :上海礼赫实业有限公司, company_id is null
[2015-12-08 13:13:11.425] [ERROR] company_id_error - name is :上海铁裕实业有限公司, company_id is null
[2015-12-08 13:13:11.551] [ERROR] company_id_error - name is :上海煌凌实业有限公司, company_id is null
[2015-12-08 13:13:11.569] [ERROR] company_id_error - name is :上海汇磐实业有限公司, company_id is null
[2015-12-08 13:13:11.601] [ERROR] company_id_error - name is :上海其琛实业有限公司, company_id is null
[2015-12-08 13:13:11.601] [ERROR] company_id_error - name is :上海尤伊实业有限公司, company_id is null
[2015-12-08 13:13:11.601] [ERROR] company_id_error - name is :上海御霸实业有限公司, company_id is null
[2015-12-08 13:13:11.619] [ERROR] company_id_error - name is :上海斯马利实业有限公司, company_id is null
[2015-12-08 13:13:11.622] [ERROR] company_id_error - name is :上海轩嫣实业有限公司, company_id is null
[2015-12-08 13:13:11.702] [ERROR] company_id_error - name is :上海彬郁实业有限公司, company_id is null
[2015-12-08 13:13:11.702] [ERROR] company_id_error - name is :上海放逐之刃实业有限公司, company_id is null
[2015-12-08 13:13:11.726] [ERROR] company_id_error - name is :上海沃玄实业有限公司, company_id is null
[2015-12-08 13:13:11.776] [ERROR] company_id_error - name is :上海徽宣实业有限公司, company_id is null
[2015-12-08 13:13:11.859] [ERROR] company_id_error - name is :上海朴因实业有限公司, company_id is null
[2015-12-08 13:13:13.225] [ERROR] company_id_error - name is :上海逸飒实业有限公司, company_id is null
[2015-12-08 13:13:13.273] [ERROR] company_id_error - name is :上海虞州实业有限公司, company_id is null
[2015-12-08 13:13:13.437] [ERROR] company_id_error - name is :上海蓝叙实业有限公司, company_id is null
[2015-12-08 13:13:21.168] [ERROR] company_id_error - name is :上海巧英实业有限公司, company_id is null
[2015-12-08 13:13:21.175] [ERROR] company_id_error - name is :上海都灏实业有限公司, company_id is null
[2015-12-08 13:13:21.182] [ERROR] company_id_error - name is :上海亦烁实业有限公司, company_id is null
[2015-12-08 13:13:21.409] [ERROR] company_id_error - name is :医跃（上海）实业有限公司, company_id is null
[2015-12-08 13:13:21.420] [ERROR] company_id_error - name is :上海缀嘉实业有限公司, company_id is null
[2015-12-08 13:13:22.902] [ERROR] company_id_error - name is :上海贞越实业有限公司, company_id is null
[2015-12-08 13:13:23.035] [ERROR] company_id_error - name is :上海御贯实业有限公司, company_id is null
[2015-12-08 13:13:24.251] [ERROR] company_id_error - name is :上海鹿马格实业有限公司, company_id is null
[2015-12-08 13:13:24.251] [ERROR] company_id_error - name is :上海义广实业有限公司, company_id is null
[2015-12-08 13:13:24.270] [ERROR] company_id_error - name is :上海科乌实业有限公司, company_id is null
[2015-12-08 13:13:24.400] [ERROR] company_id_error - name is :上海仁契实业有限公司, company_id is null
[2015-12-08 13:13:24.638] [ERROR] company_id_error - name is :上海筱捷实业有限公司, company_id is null
[2015-12-08 13:13:25.651] [ERROR] company_id_error - name is :上海辟泉实业有限公司, company_id is null
[2015-12-08 13:13:25.668] [ERROR] company_id_error - name is :上海跨技实业有限公司, company_id is null
[2015-12-08 13:13:25.684] [ERROR] company_id_error - name is :上海琴系实业有限公司, company_id is null
[2015-12-08 13:13:25.684] [ERROR] company_id_error - name is :上海滨迪实业有限公司, company_id is null
[2015-12-08 13:13:25.700] [ERROR] company_id_error - name is :上海拾达实业有限公司, company_id is null
[2015-12-08 13:13:25.794] [ERROR] company_id_error - name is :上海凯桃实业有限公司, company_id is null
[2015-12-08 13:13:25.809] [ERROR] company_id_error - name is :上海海缪实业有限公司, company_id is null
[2015-12-08 13:13:25.809] [ERROR] company_id_error - name is :上海侗霞实业有限公司, company_id is null
[2015-12-08 13:13:25.844] [ERROR] company_id_error - name is :上海卉心实业有限公司, company_id is null
[2015-12-08 13:13:25.920] [ERROR] company_id_error - name is :上海戈侬实业有限公司, company_id is null
[2015-12-08 13:13:25.935] [ERROR] company_id_error - name is :上海旁帆实业有限公司, company_id is null
[2015-12-08 13:13:25.935] [ERROR] company_id_error - name is :上海儒帅实业有限公司, company_id is null
[2015-12-08 13:13:25.975] [ERROR] company_id_error - name is :上海鲜沂实业有限公司, company_id is null
[2015-12-08 13:13:28.601] [ERROR] company_id_error - name is :上海慈伊实业有限公司, company_id is null
[2015-12-08 13:13:28.735] [ERROR] company_id_error - name is :上海礼博实业发展有限公司, company_id is null
[2015-12-08 13:13:28.884] [ERROR] company_id_error - name is :上海帆陆实业有限公司, company_id is null
[2015-12-08 13:13:33.121] [ERROR] company_id_error - name is :上海喆涛实业有限公司, company_id is null
[2015-12-08 13:17:46.115] [ERROR] company_id_error - name is :上海系榴实业有限公司, company_id is null
[2015-12-08 13:17:46.115] [ERROR] company_id_error - name is :上海犇帅实业有限公司, company_id is null
[2015-12-08 13:17:46.133] [ERROR] company_id_error - name is :上海融加实业发展有限公司, company_id is null
[2015-12-08 13:17:46.136] [ERROR] company_id_error - name is :上海顶欢实业有限公司, company_id is null
[2015-12-08 13:17:46.136] [ERROR] company_id_error - name is :上海鹏皇实业有限公司, company_id is null
[2015-12-08 13:17:46.136] [ERROR] company_id_error - name is :上海谦煌实业有限公司, company_id is null
[2015-12-08 13:17:46.151] [ERROR] company_id_error - name is :上海勋驭实业有限公司, company_id is null
[2015-12-08 13:17:46.151] [ERROR] company_id_error - name is :上海淤翔实业有限公司, company_id is null
[2015-12-08 13:17:46.151] [ERROR] company_id_error - name is :上海乾岚实业有限公司, company_id is null
[2015-12-08 13:17:46.184] [ERROR] company_id_error - name is :上海贤坦实业有限公司, company_id is null
[2015-12-08 13:17:46.185] [ERROR] company_id_error - name is :上海恭厚实业投资有限公司, company_id is null
[2015-12-08 13:17:46.216] [ERROR] company_id_error - name is :上海璞圣实业有限公司, company_id is null
[2015-12-08 13:17:46.231] [ERROR] company_id_error - name is :上海新台实业有限公司, company_id is null
[2015-12-08 13:17:46.265] [ERROR] company_id_error - name is :上海霖柜实业有限公司, company_id is null
[2015-12-08 13:17:46.353] [ERROR] company_id_error - name is :上海稳飞实业有限公司, company_id is null
[2015-12-08 13:17:49.415] [ERROR] company_id_error - name is :上海仝远实业有限公司, company_id is null
[2015-12-08 13:17:50.018] [ERROR] company_id_error - name is :上海聚焉实业有限公司, company_id is null
[2015-12-08 13:17:50.649] [ERROR] company_id_error - name is :上海崇坡实业有限公司, company_id is null
[2015-12-08 13:17:51.183] [ERROR] company_id_error - name is :上海涌涤实业有限公司, company_id is null
[2015-12-08 13:17:53.215] [ERROR] company_id_error - name is :上海瑶瞬实业有限公司, company_id is null
[2015-12-08 13:17:53.465] [ERROR] company_id_error - name is :上海五恒实业有限公司, company_id is null
[2015-12-08 13:17:56.054] [ERROR] company_id_error - name is :上海花泰实业有限公司, company_id is null
[2015-12-08 13:17:56.947] [ERROR] company_id_error - name is :上海燕蕤实业有限公司, company_id is null
[2015-12-08 13:17:59.664] [ERROR] company_id_error - name is :上海牧义实业有限公司, company_id is null
[2015-12-08 13:18:02.200] [ERROR] company_id_error - name is :上海卓纳实业有限公司, company_id is null
[2015-12-08 13:18:02.483] [ERROR] company_id_error - name is :上海里尘实业有限公司, company_id is null
[2015-12-08 13:18:04.915] [ERROR] company_id_error - name is :上海粒记实业有限公司, company_id is null
[2015-12-08 13:18:05.564] [ERROR] company_id_error - name is :上海玉藏实业有限公司, company_id is null
[2015-12-08 13:18:09.048] [ERROR] company_id_error - name is :上海鹏皇实业有限公司, company_id is null
[2015-12-08 13:18:09.048] [ERROR] company_id_error - name is :上海璞圣实业有限公司, company_id is null
[2015-12-08 13:18:09.114] [ERROR] company_id_error - name is :上海乾岚实业有限公司, company_id is null
[2015-12-08 13:18:09.134] [ERROR] company_id_error - name is :上海贤坦实业有限公司, company_id is null
[2015-12-08 13:18:09.137] [ERROR] company_id_error - name is :上海玉藏实业有限公司, company_id is null
[2015-12-08 13:18:09.137] [ERROR] company_id_error - name is :上海新台实业有限公司, company_id is null
[2015-12-08 13:18:09.137] [ERROR] company_id_error - name is :上海淤翔实业有限公司, company_id is null
[2015-12-08 13:18:09.152] [ERROR] company_id_error - name is :上海勋驭实业有限公司, company_id is null
[2015-12-08 13:18:09.152] [ERROR] company_id_error - name is :上海恭厚实业投资有限公司, company_id is null
[2015-12-08 13:18:09.152] [ERROR] company_id_error - name is :上海崇坡实业有限公司, company_id is null
[2015-12-08 13:18:11.514] [ERROR] company_id_error - name is :上海徽宣实业有限公司, company_id is null
[2015-12-08 13:18:11.514] [ERROR] company_id_error - name is :上海其琛实业有限公司, company_id is null
[2015-12-08 13:18:11.514] [ERROR] company_id_error - name is :上海汇磐实业有限公司, company_id is null
[2015-12-08 13:18:11.615] [ERROR] company_id_error - name is :上海放逐之刃实业有限公司, company_id is null
[2015-12-08 13:18:11.649] [ERROR] company_id_error - name is :上海彬郁实业有限公司, company_id is null
[2015-12-08 13:18:12.497] [ERROR] company_id_error - name is :上海洲溪实业有限公司, company_id is null
[2015-12-08 13:18:12.515] [ERROR] company_id_error - name is :上海虞州实业有限公司, company_id is null
[2015-12-08 13:18:12.517] [ERROR] company_id_error - name is :上海丞毅实业有限公司, company_id is null
[2015-12-08 13:18:12.517] [ERROR] company_id_error - name is :上海祎阳实业有限公司, company_id is null
[2015-12-08 13:18:12.533] [ERROR] company_id_error - name is :上海蓝叙实业有限公司, company_id is null
[2015-12-08 13:18:12.766] [ERROR] company_id_error - name is :上海逸飒实业有限公司, company_id is null
[2015-12-08 13:18:13.539] [ERROR] company_id_error - name is :上海礼赫实业有限公司, company_id is null
[2015-12-08 13:18:13.646] [ERROR] company_id_error - name is :上海煌凌实业有限公司, company_id is null
[2015-12-08 13:18:13.784] [ERROR] company_id_error - name is :上海铁裕实业有限公司, company_id is null
[2015-12-08 13:18:20.710] [ERROR] company_id_error - name is :医跃（上海）实业有限公司, company_id is null
[2015-12-08 13:18:20.710] [ERROR] company_id_error - name is :上海亦烁实业有限公司, company_id is null
[2015-12-08 13:18:20.907] [ERROR] company_id_error - name is :上海缀嘉实业有限公司, company_id is null
[2015-12-08 13:18:20.923] [ERROR] company_id_error - name is :上海巧英实业有限公司, company_id is null
[2015-12-08 13:18:20.939] [ERROR] company_id_error - name is :上海都灏实业有限公司, company_id is null
[2015-12-08 13:18:25.291] [ERROR] company_id_error - name is :上海筱捷实业有限公司, company_id is null
[2015-12-08 13:18:25.315] [ERROR] company_id_error - name is :上海科乌实业有限公司, company_id is null
[2015-12-08 13:18:25.415] [ERROR] company_id_error - name is :上海义广实业有限公司, company_id is null
[2015-12-08 13:18:25.418] [ERROR] company_id_error - name is :上海鹿马格实业有限公司, company_id is null
[2015-12-08 13:18:25.423] [ERROR] company_id_error - name is :上海仁契实业有限公司, company_id is null
[2015-12-08 13:18:28.050] [ERROR] company_id_error - name is :上海御贯实业有限公司, company_id is null
[2015-12-08 13:18:28.199] [ERROR] company_id_error - name is :上海贞越实业有限公司, company_id is null
[2015-12-08 13:18:30.941] [ERROR] company_id_error - name is :上海跨技实业有限公司, company_id is null
[2015-12-08 13:18:30.949] [ERROR] company_id_error - name is :上海滨迪实业有限公司, company_id is null
[2015-12-08 13:18:30.955] [ERROR] company_id_error - name is :上海辟泉实业有限公司, company_id is null
[2015-12-08 13:18:30.962] [ERROR] company_id_error - name is :上海戈侬实业有限公司, company_id is null
[2015-12-08 13:18:30.968] [ERROR] company_id_error - name is :上海琴系实业有限公司, company_id is null
[2015-12-08 13:18:30.974] [ERROR] company_id_error - name is :上海儒帅实业有限公司, company_id is null
[2015-12-08 13:18:30.981] [ERROR] company_id_error - name is :上海海缪实业有限公司, company_id is null
[2015-12-08 13:18:30.986] [ERROR] company_id_error - name is :上海侗霞实业有限公司, company_id is null
[2015-12-08 13:18:30.990] [ERROR] company_id_error - name is :上海卉心实业有限公司, company_id is null
[2015-12-08 13:18:30.994] [ERROR] company_id_error - name is :上海旁帆实业有限公司, company_id is null
[2015-12-08 13:18:30.998] [ERROR] company_id_error - name is :上海拾达实业有限公司, company_id is null
[2015-12-08 13:18:31.203] [ERROR] company_id_error - name is :上海鲜沂实业有限公司, company_id is null
[2015-12-08 13:18:31.533] [ERROR] company_id_error - name is :上海凯桃实业有限公司, company_id is null
[2015-12-08 13:18:32.869] [ERROR] company_id_error - name is :上海慈伊实业有限公司, company_id is null
[2015-12-08 13:18:32.877] [ERROR] company_id_error - name is :上海礼博实业发展有限公司, company_id is null
[2015-12-08 13:18:33.054] [ERROR] company_id_error - name is :上海帆陆实业有限公司, company_id is null
[2015-12-08 13:18:33.524] [ERROR] company_id_error - name is :上海喆涛实业有限公司, company_id is null
[2015-12-08 13:35:21.461] [ERROR] company_id_error - name is :上海璞圣实业有限公司, company_id is null
[2015-12-08 13:35:21.471] [ERROR] company_id_error - name is :上海燕蕤实业有限公司, company_id is null
[2015-12-08 13:35:21.475] [ERROR] company_id_error - name is :上海玉藏实业有限公司, company_id is null
[2015-12-08 13:35:21.475] [ERROR] company_id_error - name is :上海恭厚实业投资有限公司, company_id is null
[2015-12-08 13:35:21.475] [ERROR] company_id_error - name is :上海新台实业有限公司, company_id is null
[2015-12-08 13:35:21.524] [ERROR] company_id_error - name is :上海淤翔实业有限公司, company_id is null
[2015-12-08 13:35:21.540] [ERROR] company_id_error - name is :上海贤坦实业有限公司, company_id is null
[2015-12-08 13:35:22.020] [ERROR] company_id_error - name is :上海仝远实业有限公司, company_id is null
[2015-12-08 13:35:22.020] [ERROR] company_id_error - name is :上海乾岚实业有限公司, company_id is null
[2015-12-08 13:35:22.290] [ERROR] company_id_error - name is :上海涌涤实业有限公司, company_id is null
[2015-12-08 13:35:22.305] [ERROR] company_id_error - name is :上海卓纳实业有限公司, company_id is null
[2015-12-08 13:35:22.448] [ERROR] company_id_error - name is :上海勋驭实业有限公司, company_id is null
[2015-12-08 13:37:27.156] [ERROR] company_id_error - name is :上海贤坦实业有限公司, company_id is null
[2015-12-08 13:37:27.239] [ERROR] company_id_error - name is :上海淤翔实业有限公司, company_id is null
[2015-12-08 13:37:27.246] [ERROR] company_id_error - name is :上海勋驭实业有限公司, company_id is null
[2015-12-08 13:37:27.250] [ERROR] company_id_error - name is :上海玉藏实业有限公司, company_id is null
[2015-12-08 13:37:27.254] [ERROR] company_id_error - name is :上海贤坦实业有限公司, company_id is null
[2015-12-08 13:37:27.260] [ERROR] company_id_error - name is :上海崇坡实业有限公司, company_id is null
[2015-12-08 13:37:27.264] [ERROR] company_id_error - name is :上海恭厚实业投资有限公司, company_id is null
[2015-12-08 13:37:27.268] [ERROR] company_id_error - name is :上海玉藏实业有限公司, company_id is null
[2015-12-08 13:37:27.273] [ERROR] company_id_error - name is :上海乾岚实业有限公司, company_id is null
[2015-12-08 13:37:27.275] [ERROR] company_id_error - name is :上海璞圣实业有限公司, company_id is null
[2015-12-08 13:37:27.275] [ERROR] company_id_error - name is :上海淤翔实业有限公司, company_id is null
[2015-12-08 13:37:27.275] [ERROR] company_id_error - name is :上海乾岚实业有限公司, company_id is null
[2015-12-08 13:37:27.275] [ERROR] company_id_error - name is :上海淤翔实业有限公司, company_id is null
[2015-12-08 13:37:27.291] [ERROR] company_id_error - name is :上海崇坡实业有限公司, company_id is null
[2015-12-08 13:37:27.291] [ERROR] company_id_error - name is :上海新台实业有限公司, company_id is null
[2015-12-08 13:37:27.459] [ERROR] company_id_error - name is :上海鹏皇实业有限公司, company_id is null
[2015-12-08 13:37:27.490] [ERROR] company_id_error - name is :上海鹏皇实业有限公司, company_id is null
[2015-12-08 13:37:27.493] [ERROR] company_id_error - name is :上海恭厚实业投资有限公司, company_id is null
[2015-12-08 13:37:27.493] [ERROR] company_id_error - name is :上海璞圣实业有限公司, company_id is null
[2015-12-08 13:37:27.493] [ERROR] company_id_error - name is :上海鹏皇实业有限公司, company_id is null
[2015-12-08 13:37:27.493] [ERROR] company_id_error - name is :上海新台实业有限公司, company_id is null
[2015-12-08 13:37:27.508] [ERROR] company_id_error - name is :上海玉藏实业有限公司, company_id is null
[2015-12-08 13:37:27.508] [ERROR] company_id_error - name is :上海新台实业有限公司, company_id is null
[2015-12-08 13:37:27.508] [ERROR] company_id_error - name is :上海顶欢实业有限公司, company_id is null
[2015-12-08 13:37:27.524] [ERROR] company_id_error - name is :上海崇坡实业有限公司, company_id is null
[2015-12-08 13:37:27.524] [ERROR] company_id_error - name is :上海乾岚实业有限公司, company_id is null
[2015-12-08 13:37:27.524] [ERROR] company_id_error - name is :上海恭厚实业投资有限公司, company_id is null
[2015-12-08 13:37:27.524] [ERROR] company_id_error - name is :上海勋驭实业有限公司, company_id is null
[2015-12-08 13:37:27.524] [ERROR] company_id_error - name is :上海贤坦实业有限公司, company_id is null
[2015-12-08 13:37:27.541] [ERROR] company_id_error - name is :上海璞圣实业有限公司, company_id is null
[2015-12-08 13:37:27.543] [ERROR] company_id_error - name is :上海勋驭实业有限公司, company_id is null
[2015-12-08 13:37:29.189] [ERROR] company_id_error - name is :上海稳飞实业有限公司, company_id is null
[2015-12-08 13:38:19.504] [ERROR] company_id_error - name is :上海璞圣实业有限公司, company_id is null
[2015-12-08 13:38:19.520] [ERROR] company_id_error - name is :上海乾岚实业有限公司, company_id is null
[2015-12-08 13:38:19.520] [ERROR] company_id_error - name is :上海贤坦实业有限公司, company_id is null
[2015-12-08 13:38:19.535] [ERROR] company_id_error - name is :上海聚焉实业有限公司, company_id is null
[2015-12-08 13:38:19.569] [ERROR] company_id_error - name is :上海卓纳实业有限公司, company_id is null
[2015-12-08 13:38:19.619] [ERROR] company_id_error - name is :上海融加实业发展有限公司, company_id is null
[2015-12-08 13:38:19.638] [ERROR] company_id_error - name is :上海花泰实业有限公司, company_id is null
[2015-12-08 13:38:19.639] [ERROR] company_id_error - name is :上海里尘实业有限公司, company_id is null
[2015-12-08 13:38:19.654] [ERROR] company_id_error - name is :上海粒记实业有限公司, company_id is null
[2015-12-08 13:38:19.654] [ERROR] company_id_error - name is :上海牧义实业有限公司, company_id is null
[2015-12-08 13:38:19.686] [ERROR] company_id_error - name is :上海玉藏实业有限公司, company_id is null
[2015-12-08 13:38:19.689] [ERROR] company_id_error - name is :上海五恒实业有限公司, company_id is null
[2015-12-08 13:38:19.689] [ERROR] company_id_error - name is :上海勋驭实业有限公司, company_id is null
[2015-12-08 13:38:19.689] [ERROR] company_id_error - name is :上海崇坡实业有限公司, company_id is null
[2015-12-08 13:38:19.689] [ERROR] company_id_error - name is :上海顶欢实业有限公司, company_id is null
[2015-12-08 13:38:19.704] [ERROR] company_id_error - name is :上海新台实业有限公司, company_id is null
[2015-12-08 13:38:19.704] [ERROR] company_id_error - name is :上海鹏皇实业有限公司, company_id is null
[2015-12-08 13:38:19.704] [ERROR] company_id_error - name is :上海淤翔实业有限公司, company_id is null
[2015-12-08 13:38:19.720] [ERROR] company_id_error - name is :上海燕蕤实业有限公司, company_id is null
[2015-12-08 13:38:19.737] [ERROR] company_id_error - name is :上海涌涤实业有限公司, company_id is null
[2015-12-08 13:38:19.738] [ERROR] company_id_error - name is :上海仝远实业有限公司, company_id is null
[2015-12-08 13:38:19.789] [ERROR] company_id_error - name is :上海稳飞实业有限公司, company_id is null
[2015-12-08 13:38:19.789] [ERROR] company_id_error - name is :上海系榴实业有限公司, company_id is null
[2015-12-08 13:38:19.805] [ERROR] company_id_error - name is :上海犇帅实业有限公司, company_id is null
[2015-12-08 13:38:19.805] [ERROR] company_id_error - name is :上海霖柜实业有限公司, company_id is null
[2015-12-08 13:38:19.820] [ERROR] company_id_error - name is :上海谦煌实业有限公司, company_id is null
[2015-12-08 13:38:19.820] [ERROR] company_id_error - name is :上海瑶瞬实业有限公司, company_id is null
[2015-12-08 13:38:19.839] [ERROR] company_id_error - name is :上海恭厚实业投资有限公司, company_id is null
[2015-12-08 13:38:47.519] [ERROR] company_id_error - name is :上海贤坦实业有限公司, company_id is null
[2015-12-08 13:38:47.535] [ERROR] company_id_error - name is :上海崇坡实业有限公司, company_id is null
[2015-12-08 13:38:47.539] [ERROR] company_id_error - name is :上海鹏皇实业有限公司, company_id is null
[2015-12-08 13:38:47.588] [ERROR] company_id_error - name is :上海恭厚实业投资有限公司, company_id is null
[2015-12-08 13:38:47.589] [ERROR] company_id_error - name is :上海璞圣实业有限公司, company_id is null
[2015-12-08 13:38:47.589] [ERROR] company_id_error - name is :上海勋驭实业有限公司, company_id is null
[2015-12-08 13:38:47.639] [ERROR] company_id_error - name is :上海乾岚实业有限公司, company_id is null
[2015-12-08 13:38:47.639] [ERROR] company_id_error - name is :上海淤翔实业有限公司, company_id is null
[2015-12-08 13:38:47.639] [ERROR] company_id_error - name is :上海新台实业有限公司, company_id is null
[2015-12-08 13:38:47.639] [ERROR] company_id_error - name is :上海勋驭实业有限公司, company_id is null
[2015-12-08 13:38:47.654] [ERROR] company_id_error - name is :上海璞圣实业有限公司, company_id is null
[2015-12-08 13:38:47.654] [ERROR] company_id_error - name is :上海恭厚实业投资有限公司, company_id is null
[2015-12-08 13:38:47.654] [ERROR] company_id_error - name is :上海玉藏实业有限公司, company_id is null
[2015-12-08 13:38:47.735] [ERROR] company_id_error - name is :上海乾岚实业有限公司, company_id is null
[2015-12-08 13:38:47.739] [ERROR] company_id_error - name is :上海玉藏实业有限公司, company_id is null
[2015-12-08 13:38:47.739] [ERROR] company_id_error - name is :上海新台实业有限公司, company_id is null
[2015-12-08 13:38:47.755] [ERROR] company_id_error - name is :上海鹏皇实业有限公司, company_id is null
[2015-12-08 13:38:47.755] [ERROR] company_id_error - name is :上海崇坡实业有限公司, company_id is null
[2015-12-08 13:38:48.270] [ERROR] company_id_error - name is :上海贤坦实业有限公司, company_id is null
[2015-12-08 13:38:48.289] [ERROR] company_id_error - name is :上海淤翔实业有限公司, company_id is null
[2015-12-08 13:38:49.489] [ERROR] company_id_error - name is :上海花泰实业有限公司, company_id is null
[2015-12-08 13:38:49.556] [ERROR] company_id_error - name is :上海粒记实业有限公司, company_id is null
[2015-12-08 13:38:49.589] [ERROR] company_id_error - name is :上海顶欢实业有限公司, company_id is null
[2015-12-08 13:38:49.605] [ERROR] company_id_error - name is :上海稳飞实业有限公司, company_id is null
[2015-12-08 13:38:49.691] [ERROR] company_id_error - name is :上海瑶瞬实业有限公司, company_id is null
[2015-12-08 13:38:49.693] [ERROR] company_id_error - name is :上海里尘实业有限公司, company_id is null
[2015-12-08 13:38:49.693] [ERROR] company_id_error - name is :上海聚焉实业有限公司, company_id is null
[2015-12-08 13:38:49.693] [ERROR] company_id_error - name is :上海牧义实业有限公司, company_id is null
[2015-12-08 13:38:49.708] [ERROR] company_id_error - name is :上海五恒实业有限公司, company_id is null
[2015-12-08 13:38:49.708] [ERROR] company_id_error - name is :上海系榴实业有限公司, company_id is null
[2015-12-08 13:38:49.741] [ERROR] company_id_error - name is :上海融加实业发展有限公司, company_id is null
[2015-12-08 13:38:49.742] [ERROR] company_id_error - name is :上海犇帅实业有限公司, company_id is null
[2015-12-08 13:38:49.791] [ERROR] company_id_error - name is :上海霖柜实业有限公司, company_id is null
[2015-12-08 13:38:49.807] [ERROR] company_id_error - name is :上海谦煌实业有限公司, company_id is null
[2015-12-08 13:40:06.069] [ERROR] company_id_error - name is :上海融加实业发展有限公司, company_id is null
[2015-12-08 13:40:06.103] [ERROR] company_id_error - name is :上海顶欢实业有限公司, company_id is null
[2015-12-08 13:40:06.138] [ERROR] company_id_error - name is :上海犇帅实业有限公司, company_id is null
[2015-12-08 13:40:06.140] [ERROR] company_id_error - name is :上海霖柜实业有限公司, company_id is null
[2015-12-08 13:40:06.255] [ERROR] company_id_error - name is :上海系榴实业有限公司, company_id is null
[2015-12-08 13:40:06.255] [ERROR] company_id_error - name is :上海稳飞实业有限公司, company_id is null
[2015-12-08 13:40:06.255] [ERROR] company_id_error - name is :上海谦煌实业有限公司, company_id is null
[2015-12-08 13:40:07.152] [ERROR] company_id_error - name is :上海鹏皇实业有限公司, company_id is null
[2015-12-08 13:40:07.152] [ERROR] company_id_error - name is :上海乾岚实业有限公司, company_id is null
[2015-12-08 13:40:07.237] [ERROR] company_id_error - name is :上海卓纳实业有限公司, company_id is null
[2015-12-08 13:40:07.253] [ERROR] company_id_error - name is :上海仝远实业有限公司, company_id is null
[2015-12-08 13:40:07.269] [ERROR] company_id_error - name is :上海燕蕤实业有限公司, company_id is null
[2015-12-08 13:40:07.269] [ERROR] company_id_error - name is :上海牧义实业有限公司, company_id is null
[2015-12-08 13:40:07.285] [ERROR] company_id_error - name is :上海瑶瞬实业有限公司, company_id is null
[2015-12-08 13:40:07.288] [ERROR] company_id_error - name is :上海涌涤实业有限公司, company_id is null
[2015-12-08 13:40:07.288] [ERROR] company_id_error - name is :上海聚焉实业有限公司, company_id is null
[2015-12-08 13:40:07.288] [ERROR] company_id_error - name is :上海贤坦实业有限公司, company_id is null
[2015-12-08 13:40:07.288] [ERROR] company_id_error - name is :上海里尘实业有限公司, company_id is null
[2015-12-08 13:40:07.288] [ERROR] company_id_error - name is :上海恭厚实业投资有限公司, company_id is null
[2015-12-08 13:40:07.304] [ERROR] company_id_error - name is :上海淤翔实业有限公司, company_id is null
[2015-12-08 13:40:07.304] [ERROR] company_id_error - name is :上海花泰实业有限公司, company_id is null
[2015-12-08 13:40:07.304] [ERROR] company_id_error - name is :上海五恒实业有限公司, company_id is null
[2015-12-08 13:40:07.319] [ERROR] company_id_error - name is :上海勋驭实业有限公司, company_id is null
[2015-12-08 13:40:07.319] [ERROR] company_id_error - name is :上海璞圣实业有限公司, company_id is null
[2015-12-08 13:40:07.319] [ERROR] company_id_error - name is :上海崇坡实业有限公司, company_id is null
[2015-12-08 13:40:07.392] [ERROR] company_id_error - name is :上海玉藏实业有限公司, company_id is null
[2015-12-08 13:40:07.392] [ERROR] company_id_error - name is :上海粒记实业有限公司, company_id is null
[2015-12-08 13:40:07.392] [ERROR] company_id_error - name is :上海新台实业有限公司, company_id is null
[2015-12-08 13:40:29.303] [ERROR] company_id_error - name is :上海新台实业有限公司, company_id is null
[2015-12-08 13:40:29.303] [ERROR] company_id_error - name is :上海淤翔实业有限公司, company_id is null
[2015-12-08 13:40:29.319] [ERROR] company_id_error - name is :上海系榴实业有限公司, company_id is null
[2015-12-08 13:40:29.319] [ERROR] company_id_error - name is :上海融加实业发展有限公司, company_id is null
[2015-12-08 13:40:29.365] [ERROR] company_id_error - name is :上海乾岚实业有限公司, company_id is null
[2015-12-08 13:40:29.371] [ERROR] company_id_error - name is :上海恭厚实业投资有限公司, company_id is null
[2015-12-08 13:40:29.378] [ERROR] company_id_error - name is :上海勋驭实业有限公司, company_id is null
[2015-12-08 13:40:29.381] [ERROR] company_id_error - name is :上海崇坡实业有限公司, company_id is null
[2015-12-08 13:40:29.386] [ERROR] company_id_error - name is :上海玉藏实业有限公司, company_id is null
[2015-12-08 13:40:29.386] [ERROR] company_id_error - name is :上海鹏皇实业有限公司, company_id is null
[2015-12-08 13:40:29.386] [ERROR] company_id_error - name is :上海璞圣实业有限公司, company_id is null
[2015-12-08 13:40:29.386] [ERROR] company_id_error - name is :上海贤坦实业有限公司, company_id is null
[2015-12-08 13:40:29.437] [ERROR] company_id_error - name is :上海稳飞实业有限公司, company_id is null
[2015-12-08 13:40:29.437] [ERROR] company_id_error - name is :上海谦煌实业有限公司, company_id is null
[2015-12-08 13:40:29.437] [ERROR] company_id_error - name is :上海霖柜实业有限公司, company_id is null
[2015-12-08 13:40:29.437] [ERROR] company_id_error - name is :上海犇帅实业有限公司, company_id is null
[2015-12-08 13:40:29.452] [ERROR] company_id_error - name is :上海顶欢实业有限公司, company_id is null
[2015-12-08 13:40:29.768] [ERROR] company_id_error - name is :上海涌涤实业有限公司, company_id is null
[2015-12-08 13:40:29.836] [ERROR] company_id_error - name is :上海燕蕤实业有限公司, company_id is null
[2015-12-08 13:40:29.840] [ERROR] company_id_error - name is :上海卓纳实业有限公司, company_id is null
[2015-12-08 13:40:29.856] [ERROR] company_id_error - name is :上海里尘实业有限公司, company_id is null
[2015-12-08 13:40:29.856] [ERROR] company_id_error - name is :上海粒记实业有限公司, company_id is null
[2015-12-08 13:40:29.871] [ERROR] company_id_error - name is :上海聚焉实业有限公司, company_id is null
[2015-12-08 13:40:29.871] [ERROR] company_id_error - name is :上海五恒实业有限公司, company_id is null
[2015-12-08 13:40:29.871] [ERROR] company_id_error - name is :上海牧义实业有限公司, company_id is null
[2015-12-08 13:40:29.887] [ERROR] company_id_error - name is :上海仝远实业有限公司, company_id is null
[2015-12-08 13:40:29.889] [ERROR] company_id_error - name is :上海花泰实业有限公司, company_id is null
[2015-12-08 13:40:29.889] [ERROR] company_id_error - name is :上海瑶瞬实业有限公司, company_id is null
[2015-12-08 13:40:37.133] [ERROR] company_id_error - name is :上海斯马利实业有限公司, company_id is null
[2015-12-08 13:40:37.136] [ERROR] company_id_error - name is :上海尤伊实业有限公司, company_id is null
[2015-12-08 13:40:37.152] [ERROR] company_id_error - name is :上海轩嫣实业有限公司, company_id is null
[2015-12-08 13:40:37.155] [ERROR] company_id_error - name is :上海御霸实业有限公司, company_id is null
[2015-12-08 13:40:37.162] [ERROR] company_id_error - name is :上海朴因实业有限公司, company_id is null
[2015-12-08 13:40:37.165] [ERROR] company_id_error - name is :上海沃玄实业有限公司, company_id is null
[2015-12-08 13:40:37.327] [ERROR] company_id_error - name is :上海放逐之刃实业有限公司, company_id is null
[2015-12-08 13:40:37.335] [ERROR] company_id_error - name is :上海徽宣实业有限公司, company_id is null
[2015-12-08 13:40:37.342] [ERROR] company_id_error - name is :上海其琛实业有限公司, company_id is null
[2015-12-08 13:40:37.348] [ERROR] company_id_error - name is :上海汇磐实业有限公司, company_id is null
[2015-12-08 13:40:37.372] [ERROR] company_id_error - name is :上海彬郁实业有限公司, company_id is null
[2015-12-08 13:40:38.064] [ERROR] company_id_error - name is :上海蓝叙实业有限公司, company_id is null
[2015-12-08 13:40:38.194] [ERROR] company_id_error - name is :上海洲溪实业有限公司, company_id is null
[2015-12-08 13:40:38.200] [ERROR] company_id_error - name is :上海丞毅实业有限公司, company_id is null
[2015-12-08 13:40:38.204] [ERROR] company_id_error - name is :上海祎阳实业有限公司, company_id is null
[2015-12-08 13:40:38.283] [ERROR] company_id_error - name is :上海逸飒实业有限公司, company_id is null
[2015-12-08 13:40:38.295] [ERROR] company_id_error - name is :上海虞州实业有限公司, company_id is null
[2015-12-08 13:40:39.939] [ERROR] company_id_error - name is :上海礼赫实业有限公司, company_id is null
[2015-12-08 13:40:39.948] [ERROR] company_id_error - name is :上海煌凌实业有限公司, company_id is null
[2015-12-08 13:40:40.074] [ERROR] company_id_error - name is :上海铁裕实业有限公司, company_id is null
[2015-12-08 13:40:47.084] [ERROR] company_id_error - name is :上海亦烁实业有限公司, company_id is null
[2015-12-08 13:40:47.251] [ERROR] company_id_error - name is :上海缀嘉实业有限公司, company_id is null
[2015-12-08 13:40:47.280] [ERROR] company_id_error - name is :医跃（上海）实业有限公司, company_id is null
[2015-12-08 13:40:47.296] [ERROR] company_id_error - name is :上海都灏实业有限公司, company_id is null
[2015-12-08 13:40:47.301] [ERROR] company_id_error - name is :上海巧英实业有限公司, company_id is null
[2015-12-08 13:40:48.460] [ERROR] company_id_error - name is :上海鹿马格实业有限公司, company_id is null
[2015-12-08 13:40:48.465] [ERROR] company_id_error - name is :上海科乌实业有限公司, company_id is null
[2015-12-08 13:40:48.556] [ERROR] company_id_error - name is :上海义广实业有限公司, company_id is null
[2015-12-08 13:40:48.674] [ERROR] company_id_error - name is :上海筱捷实业有限公司, company_id is null
[2015-12-08 13:40:48.710] [ERROR] company_id_error - name is :上海仁契实业有限公司, company_id is null
[2015-12-08 13:40:49.309] [ERROR] company_id_error - name is :上海滨迪实业有限公司, company_id is null
[2015-12-08 13:40:49.315] [ERROR] company_id_error - name is :上海辟泉实业有限公司, company_id is null
[2015-12-08 13:40:49.330] [ERROR] company_id_error - name is :上海拾达实业有限公司, company_id is null
[2015-12-08 13:40:49.358] [ERROR] company_id_error - name is :上海琴系实业有限公司, company_id is null
[2015-12-08 13:40:49.417] [ERROR] company_id_error - name is :上海跨技实业有限公司, company_id is null
[2015-12-08 13:40:49.432] [ERROR] company_id_error - name is :上海凯桃实业有限公司, company_id is null
[2015-12-08 13:40:49.435] [ERROR] company_id_error - name is :上海旁帆实业有限公司, company_id is null
[2015-12-08 13:40:49.442] [ERROR] company_id_error - name is :上海戈侬实业有限公司, company_id is null
[2015-12-08 13:40:49.447] [ERROR] company_id_error - name is :上海海缪实业有限公司, company_id is null
[2015-12-08 13:40:49.516] [ERROR] company_id_error - name is :上海侗霞实业有限公司, company_id is null
[2015-12-08 13:40:49.549] [ERROR] company_id_error - name is :上海鲜沂实业有限公司, company_id is null
[2015-12-08 13:40:49.564] [ERROR] company_id_error - name is :上海儒帅实业有限公司, company_id is null
[2015-12-08 13:40:49.574] [ERROR] company_id_error - name is :上海卉心实业有限公司, company_id is null
[2015-12-08 13:40:50.087] [ERROR] company_id_error - name is :上海御贯实业有限公司, company_id is null
[2015-12-08 13:40:50.136] [ERROR] company_id_error - name is :上海贞越实业有限公司, company_id is null
[2015-12-08 13:40:53.202] [ERROR] company_id_error - name is :上海礼博实业发展有限公司, company_id is null
[2015-12-08 13:40:53.295] [ERROR] company_id_error - name is :上海慈伊实业有限公司, company_id is null
[2015-12-08 13:40:53.302] [ERROR] company_id_error - name is :上海帆陆实业有限公司, company_id is null
[2015-12-08 13:40:58.338] [ERROR] company_id_error - name is :上海喆涛实业有限公司, company_id is null
[2015-12-08 13:42:28.719] [ERROR] company_id_error - name is :上海谦煌实业有限公司, company_id is null
[2015-12-08 13:42:28.837] [ERROR] company_id_error - name is :上海系榴实业有限公司, company_id is null
[2015-12-08 13:42:28.868] [ERROR] company_id_error - name is :上海瑶瞬实业有限公司, company_id is null
[2015-12-08 13:42:28.883] [ERROR] company_id_error - name is :上海崇坡实业有限公司, company_id is null
[2015-12-08 13:42:28.904] [ERROR] company_id_error - name is :上海乾岚实业有限公司, company_id is null
[2015-12-08 13:42:28.913] [ERROR] company_id_error - name is :上海五恒实业有限公司, company_id is null
[2015-12-08 13:42:28.921] [ERROR] company_id_error - name is :上海新台实业有限公司, company_id is null
[2015-12-08 13:42:28.967] [ERROR] company_id_error - name is :上海顶欢实业有限公司, company_id is null
[2015-12-08 13:42:28.983] [ERROR] company_id_error - name is :上海玉藏实业有限公司, company_id is null
[2015-12-08 13:42:29.069] [ERROR] company_id_error - name is :上海融加实业发展有限公司, company_id is null
[2015-12-08 13:42:29.167] [ERROR] company_id_error - name is :上海粒记实业有限公司, company_id is null
[2015-12-08 13:42:29.237] [ERROR] company_id_error - name is :上海勋驭实业有限公司, company_id is null
[2015-12-08 13:42:29.252] [ERROR] company_id_error - name is :上海恭厚实业投资有限公司, company_id is null
[2015-12-08 13:42:29.252] [ERROR] company_id_error - name is :上海犇帅实业有限公司, company_id is null
[2015-12-08 13:42:29.268] [ERROR] company_id_error - name is :上海稳飞实业有限公司, company_id is null
[2015-12-08 13:42:29.283] [ERROR] company_id_error - name is :上海霖柜实业有限公司, company_id is null
[2015-12-08 13:42:29.404] [ERROR] company_id_error - name is :上海鹏皇实业有限公司, company_id is null
[2015-12-08 13:42:29.419] [ERROR] company_id_error - name is :上海贤坦实业有限公司, company_id is null
[2015-12-08 13:42:29.419] [ERROR] company_id_error - name is :上海璞圣实业有限公司, company_id is null
[2015-12-08 13:42:29.586] [ERROR] company_id_error - name is :上海淤翔实业有限公司, company_id is null
[2015-12-08 13:42:29.668] [ERROR] company_id_error - name is :上海里尘实业有限公司, company_id is null
[2015-12-08 13:42:29.684] [ERROR] company_id_error - name is :上海牧义实业有限公司, company_id is null
[2015-12-08 13:42:29.700] [ERROR] company_id_error - name is :上海花泰实业有限公司, company_id is null
[2015-12-08 13:42:29.704] [ERROR] company_id_error - name is :上海聚焉实业有限公司, company_id is null
[2015-12-08 13:42:35.019] [ERROR] company_id_error - name is :上海卓纳实业有限公司, company_id is null
[2015-12-08 13:42:35.102] [ERROR] company_id_error - name is :上海燕蕤实业有限公司, company_id is null
[2015-12-08 13:42:35.242] [ERROR] company_id_error - name is :上海涌涤实业有限公司, company_id is null
[2015-12-08 13:42:35.342] [ERROR] company_id_error - name is :上海仝远实业有限公司, company_id is null
[2015-12-08 13:42:46.567] [ERROR] company_id_error - name is :上海丞毅实业有限公司, company_id is null
[2015-12-08 13:42:46.657] [ERROR] company_id_error - name is :上海洲溪实业有限公司, company_id is null
[2015-12-08 13:42:46.666] [ERROR] company_id_error - name is :上海祎阳实业有限公司, company_id is null
[2015-12-08 13:42:46.853] [ERROR] company_id_error - name is :上海朴因实业有限公司, company_id is null
[2015-12-08 13:42:46.853] [ERROR] company_id_error - name is :上海御霸实业有限公司, company_id is null
[2015-12-08 13:42:46.951] [ERROR] company_id_error - name is :上海轩嫣实业有限公司, company_id is null
[2015-12-08 13:42:46.953] [ERROR] company_id_error - name is :上海斯马利实业有限公司, company_id is null
[2015-12-08 13:42:46.953] [ERROR] company_id_error - name is :上海沃玄实业有限公司, company_id is null
[2015-12-08 13:42:46.968] [ERROR] company_id_error - name is :上海尤伊实业有限公司, company_id is null
[2015-12-08 13:42:47.241] [ERROR] company_id_error - name is :上海虞州实业有限公司, company_id is null
[2015-12-08 13:42:47.256] [ERROR] company_id_error - name is :上海蓝叙实业有限公司, company_id is null
[2015-12-08 13:43:16.485] [ERROR] company_id_error - name is :上海仝远实业有限公司, company_id is null
[2015-12-08 13:43:16.601] [ERROR] company_id_error - name is :上海卓纳实业有限公司, company_id is null
[2015-12-08 13:43:16.618] [ERROR] company_id_error - name is :上海涌涤实业有限公司, company_id is null
[2015-12-08 13:43:16.902] [ERROR] company_id_error - name is :上海燕蕤实业有限公司, company_id is null
[2015-12-08 13:43:18.618] [ERROR] company_id_error - name is :上海新台实业有限公司, company_id is null
[2015-12-08 13:43:18.652] [ERROR] company_id_error - name is :上海乾岚实业有限公司, company_id is null
[2015-12-08 13:43:18.668] [ERROR] company_id_error - name is :上海犇帅实业有限公司, company_id is null
[2015-12-08 13:43:18.683] [ERROR] company_id_error - name is :上海瑶瞬实业有限公司, company_id is null
[2015-12-08 13:43:18.800] [ERROR] company_id_error - name is :上海贤坦实业有限公司, company_id is null
[2015-12-08 13:43:18.800] [ERROR] company_id_error - name is :上海牧义实业有限公司, company_id is null
[2015-12-08 13:43:18.815] [ERROR] company_id_error - name is :上海花泰实业有限公司, company_id is null
[2015-12-08 13:43:18.815] [ERROR] company_id_error - name is :上海里尘实业有限公司, company_id is null
[2015-12-08 13:43:18.833] [ERROR] company_id_error - name is :上海璞圣实业有限公司, company_id is null
[2015-12-08 13:43:18.837] [ERROR] company_id_error - name is :上海顶欢实业有限公司, company_id is null
[2015-12-08 13:43:18.842] [ERROR] company_id_error - name is :上海玉藏实业有限公司, company_id is null
[2015-12-08 13:43:18.846] [ERROR] company_id_error - name is :上海稳飞实业有限公司, company_id is null
[2015-12-08 13:43:18.852] [ERROR] company_id_error - name is :上海融加实业发展有限公司, company_id is null
[2015-12-08 13:43:18.857] [ERROR] company_id_error - name is :上海霖柜实业有限公司, company_id is null
[2015-12-08 13:43:19.000] [ERROR] company_id_error - name is :上海五恒实业有限公司, company_id is null
[2015-12-08 13:43:19.002] [ERROR] company_id_error - name is :上海聚焉实业有限公司, company_id is null
[2015-12-08 13:43:19.002] [ERROR] company_id_error - name is :上海粒记实业有限公司, company_id is null
[2015-12-08 13:43:19.033] [ERROR] company_id_error - name is :上海勋驭实业有限公司, company_id is null
[2015-12-08 13:43:19.033] [ERROR] company_id_error - name is :上海淤翔实业有限公司, company_id is null
[2015-12-08 13:43:19.050] [ERROR] company_id_error - name is :上海崇坡实业有限公司, company_id is null
[2015-12-08 13:43:19.052] [ERROR] company_id_error - name is :上海恭厚实业投资有限公司, company_id is null
[2015-12-08 13:43:19.052] [ERROR] company_id_error - name is :上海鹏皇实业有限公司, company_id is null
[2015-12-08 13:43:19.052] [ERROR] company_id_error - name is :上海谦煌实业有限公司, company_id is null
[2015-12-08 13:43:19.068] [ERROR] company_id_error - name is :上海系榴实业有限公司, company_id is null
[2015-12-08 13:44:09.786] [ERROR] company_id_error - name is :上海瑶瞬实业有限公司, company_id is null
[2015-12-08 13:44:09.802] [ERROR] company_id_error - name is :上海花泰实业有限公司, company_id is null
[2015-12-08 13:44:09.802] [ERROR] company_id_error - name is :上海粒记实业有限公司, company_id is null
[2015-12-08 13:44:09.817] [ERROR] company_id_error - name is :上海五恒实业有限公司, company_id is null
[2015-12-08 13:44:09.817] [ERROR] company_id_error - name is :上海牧义实业有限公司, company_id is null
[2015-12-08 13:44:09.867] [ERROR] company_id_error - name is :上海聚焉实业有限公司, company_id is null
[2015-12-08 13:44:09.883] [ERROR] company_id_error - name is :上海里尘实业有限公司, company_id is null
[2015-12-08 13:44:10.020] [ERROR] company_id_error - name is :上海鹏皇实业有限公司, company_id is null
[2015-12-08 13:44:10.033] [ERROR] company_id_error - name is :上海乾岚实业有限公司, company_id is null
[2015-12-08 13:44:10.051] [ERROR] company_id_error - name is :上海玉藏实业有限公司, company_id is null
[2015-12-08 13:44:10.051] [ERROR] company_id_error - name is :上海恭厚实业投资有限公司, company_id is null
[2015-12-08 13:44:10.051] [ERROR] company_id_error - name is :上海崇坡实业有限公司, company_id is null
[2015-12-08 13:44:10.117] [ERROR] company_id_error - name is :上海淤翔实业有限公司, company_id is null
[2015-12-08 13:44:10.117] [ERROR] company_id_error - name is :上海勋驭实业有限公司, company_id is null
[2015-12-08 13:44:10.117] [ERROR] company_id_error - name is :上海璞圣实业有限公司, company_id is null
[2015-12-08 13:44:10.133] [ERROR] company_id_error - name is :上海新台实业有限公司, company_id is null
[2015-12-08 13:44:10.133] [ERROR] company_id_error - name is :上海贤坦实业有限公司, company_id is null
[2015-12-08 13:44:10.433] [ERROR] company_id_error - name is :上海顶欢实业有限公司, company_id is null
[2015-12-08 13:44:10.507] [ERROR] company_id_error - name is :上海系榴实业有限公司, company_id is null
[2015-12-08 13:44:10.510] [ERROR] company_id_error - name is :上海犇帅实业有限公司, company_id is null
[2015-12-08 13:44:10.510] [ERROR] company_id_error - name is :上海融加实业发展有限公司, company_id is null
[2015-12-08 13:44:10.530] [ERROR] company_id_error - name is :上海仝远实业有限公司, company_id is null
[2015-12-08 13:44:10.536] [ERROR] company_id_error - name is :上海燕蕤实业有限公司, company_id is null
[2015-12-08 13:44:10.552] [ERROR] company_id_error - name is :上海涌涤实业有限公司, company_id is null
[2015-12-08 13:44:10.567] [ERROR] company_id_error - name is :上海谦煌实业有限公司, company_id is null
[2015-12-08 13:44:10.699] [ERROR] company_id_error - name is :上海稳飞实业有限公司, company_id is null
[2015-12-08 13:44:10.752] [ERROR] company_id_error - name is :上海霖柜实业有限公司, company_id is null
[2015-12-08 13:44:10.753] [ERROR] company_id_error - name is :上海卓纳实业有限公司, company_id is null
[2015-12-08 13:45:58.752] [ERROR] company_id_error - name is :上海燕蕤实业有限公司, company_id is null
[2015-12-08 13:45:58.900] [ERROR] company_id_error - name is :上海卓纳实业有限公司, company_id is null
[2015-12-08 13:45:58.900] [ERROR] company_id_error - name is :上海涌涤实业有限公司, company_id is null
[2015-12-08 13:45:58.900] [ERROR] company_id_error - name is :上海仝远实业有限公司, company_id is null
[2015-12-08 13:45:59.132] [ERROR] company_id_error - name is :上海谦煌实业有限公司, company_id is null
[2015-12-08 13:45:59.132] [ERROR] company_id_error - name is :上海稳飞实业有限公司, company_id is null
[2015-12-08 13:45:59.167] [ERROR] company_id_error - name is :上海霖柜实业有限公司, company_id is null
[2015-12-08 13:45:59.183] [ERROR] company_id_error - name is :上海犇帅实业有限公司, company_id is null
[2015-12-08 13:45:59.301] [ERROR] company_id_error - name is :上海聚焉实业有限公司, company_id is null
[2015-12-08 13:45:59.301] [ERROR] company_id_error - name is :上海勋驭实业有限公司, company_id is null
[2015-12-08 13:45:59.317] [ERROR] company_id_error - name is :上海鹏皇实业有限公司, company_id is null
[2015-12-08 13:45:59.317] [ERROR] company_id_error - name is :上海顶欢实业有限公司, company_id is null
[2015-12-08 13:45:59.332] [ERROR] company_id_error - name is :上海牧义实业有限公司, company_id is null
[2015-12-08 13:45:59.332] [ERROR] company_id_error - name is :上海瑶瞬实业有限公司, company_id is null
[2015-12-08 13:45:59.351] [ERROR] company_id_error - name is :上海璞圣实业有限公司, company_id is null
[2015-12-08 13:45:59.416] [ERROR] company_id_error - name is :上海粒记实业有限公司, company_id is null
[2015-12-08 13:45:59.432] [ERROR] company_id_error - name is :上海崇坡实业有限公司, company_id is null
[2015-12-08 13:45:59.432] [ERROR] company_id_error - name is :上海花泰实业有限公司, company_id is null
[2015-12-08 13:45:59.432] [ERROR] company_id_error - name is :上海乾岚实业有限公司, company_id is null
[2015-12-08 13:45:59.450] [ERROR] company_id_error - name is :上海新台实业有限公司, company_id is null
[2015-12-08 13:45:59.450] [ERROR] company_id_error - name is :上海五恒实业有限公司, company_id is null
[2015-12-08 13:45:59.450] [ERROR] company_id_error - name is :上海里尘实业有限公司, company_id is null
[2015-12-08 13:45:59.466] [ERROR] company_id_error - name is :上海贤坦实业有限公司, company_id is null
[2015-12-08 13:45:59.466] [ERROR] company_id_error - name is :上海恭厚实业投资有限公司, company_id is null
[2015-12-08 13:45:59.532] [ERROR] company_id_error - name is :上海淤翔实业有限公司, company_id is null
[2015-12-08 13:45:59.651] [ERROR] company_id_error - name is :上海系榴实业有限公司, company_id is null
[2015-12-08 13:45:59.817] [ERROR] company_id_error - name is :上海融加实业发展有限公司, company_id is null
[2015-12-08 13:45:59.848] [ERROR] company_id_error - name is :上海玉藏实业有限公司, company_id is null
[2015-12-08 13:46:33.223] [ERROR] company_id_error - name is :上海里尘实业有限公司, company_id is null
[2015-12-08 13:46:33.239] [ERROR] company_id_error - name is :上海璞圣实业有限公司, company_id is null
[2015-12-08 13:46:33.272] [ERROR] company_id_error - name is :上海乾岚实业有限公司, company_id is null
[2015-12-08 13:46:33.272] [ERROR] company_id_error - name is :上海犇帅实业有限公司, company_id is null
[2015-12-08 13:46:33.288] [ERROR] company_id_error - name is :上海鹏皇实业有限公司, company_id is null
[2015-12-08 13:46:33.321] [ERROR] company_id_error - name is :上海融加实业发展有限公司, company_id is null
[2015-12-08 13:46:33.321] [ERROR] company_id_error - name is :上海谦煌实业有限公司, company_id is null
[2015-12-08 13:46:33.336] [ERROR] company_id_error - name is :上海系榴实业有限公司, company_id is null
[2015-12-08 13:46:33.385] [ERROR] company_id_error - name is :上海淤翔实业有限公司, company_id is null
[2015-12-08 13:46:33.385] [ERROR] company_id_error - name is :上海恭厚实业投资有限公司, company_id is null
[2015-12-08 13:46:33.385] [ERROR] company_id_error - name is :上海粒记实业有限公司, company_id is null
[2015-12-08 13:46:33.385] [ERROR] company_id_error - name is :上海仝远实业有限公司, company_id is null
[2015-12-08 13:46:33.403] [ERROR] company_id_error - name is :上海涌涤实业有限公司, company_id is null
[2015-12-08 13:46:33.406] [ERROR] company_id_error - name is :上海牧义实业有限公司, company_id is null
[2015-12-08 13:46:33.406] [ERROR] company_id_error - name is :上海花泰实业有限公司, company_id is null
[2015-12-08 13:46:33.406] [ERROR] company_id_error - name is :上海玉藏实业有限公司, company_id is null
[2015-12-08 13:46:33.406] [ERROR] company_id_error - name is :上海勋驭实业有限公司, company_id is null
[2015-12-08 13:46:33.421] [ERROR] company_id_error - name is :上海聚焉实业有限公司, company_id is null
[2015-12-08 13:46:33.535] [ERROR] company_id_error - name is :上海新台实业有限公司, company_id is null
[2015-12-08 13:46:33.551] [ERROR] company_id_error - name is :上海瑶瞬实业有限公司, company_id is null
[2015-12-08 13:46:33.553] [ERROR] company_id_error - name is :上海顶欢实业有限公司, company_id is null
[2015-12-08 13:46:33.649] [ERROR] company_id_error - name is :上海卓纳实业有限公司, company_id is null
[2015-12-08 13:46:33.804] [ERROR] company_id_error - name is :上海稳飞实业有限公司, company_id is null
[2015-12-08 13:46:33.804] [ERROR] company_id_error - name is :上海崇坡实业有限公司, company_id is null
[2015-12-08 13:46:33.923] [ERROR] company_id_error - name is :上海霖柜实业有限公司, company_id is null
[2015-12-08 13:46:33.927] [ERROR] company_id_error - name is :上海燕蕤实业有限公司, company_id is null
[2015-12-08 13:46:33.951] [ERROR] company_id_error - name is :上海五恒实业有限公司, company_id is null
[2015-12-08 13:46:33.951] [ERROR] company_id_error - name is :上海贤坦实业有限公司, company_id is null
[2015-12-08 13:46:40.262] [ERROR] company_id_error - name is :上海逸飒实业有限公司, company_id is null
[2015-12-08 13:46:40.406] [ERROR] company_id_error - name is :上海沃玄实业有限公司, company_id is null
[2015-12-08 13:46:40.412] [ERROR] company_id_error - name is :上海礼赫实业有限公司, company_id is null
[2015-12-08 13:46:40.417] [ERROR] company_id_error - name is :上海煌凌实业有限公司, company_id is null
[2015-12-08 13:46:40.422] [ERROR] company_id_error - name is :上海蓝叙实业有限公司, company_id is null
[2015-12-08 13:46:40.470] [ERROR] company_id_error - name is :上海虞州实业有限公司, company_id is null
[2015-12-08 13:46:40.470] [ERROR] company_id_error - name is :上海铁裕实业有限公司, company_id is null
[2015-12-08 13:46:40.470] [ERROR] company_id_error - name is :上海朴因实业有限公司, company_id is null
[2015-12-08 13:46:40.535] [ERROR] company_id_error - name is :上海尤伊实业有限公司, company_id is null
[2015-12-08 13:46:40.535] [ERROR] company_id_error - name is :上海御霸实业有限公司, company_id is null
[2015-12-08 13:46:40.552] [ERROR] company_id_error - name is :上海轩嫣实业有限公司, company_id is null
[2015-12-08 13:46:40.601] [ERROR] company_id_error - name is :上海放逐之刃实业有限公司, company_id is null
[2015-12-08 13:46:40.666] [ERROR] company_id_error - name is :上海汇磐实业有限公司, company_id is null
[2015-12-08 13:46:40.739] [ERROR] company_id_error - name is :上海其琛实业有限公司, company_id is null
[2015-12-08 13:46:40.739] [ERROR] company_id_error - name is :上海斯马利实业有限公司, company_id is null
[2015-12-08 13:46:40.798] [ERROR] company_id_error - name is :上海徽宣实业有限公司, company_id is null
[2015-12-08 13:46:40.804] [ERROR] company_id_error - name is :上海彬郁实业有限公司, company_id is null
[2015-12-08 13:46:40.950] [ERROR] company_id_error - name is :上海洲溪实业有限公司, company_id is null
[2015-12-08 13:46:40.981] [ERROR] company_id_error - name is :上海丞毅实业有限公司, company_id is null
[2015-12-08 13:46:41.001] [ERROR] company_id_error - name is :上海祎阳实业有限公司, company_id is null
[2015-12-08 13:46:48.190] [ERROR] company_id_error - name is :上海御贯实业有限公司, company_id is null
[2015-12-08 13:46:48.195] [ERROR] company_id_error - name is :上海贞越实业有限公司, company_id is null
[2015-12-08 13:46:48.317] [ERROR] company_id_error - name is :上海缀嘉实业有限公司, company_id is null
[2015-12-08 13:46:48.322] [ERROR] company_id_error - name is :医跃（上海）实业有限公司, company_id is null
[2015-12-08 13:46:48.326] [ERROR] company_id_error - name is :上海亦烁实业有限公司, company_id is null
[2015-12-08 13:46:48.332] [ERROR] company_id_error - name is :上海都灏实业有限公司, company_id is null
[2015-12-08 13:46:48.337] [ERROR] company_id_error - name is :上海巧英实业有限公司, company_id is null
[2015-12-08 13:46:48.865] [ERROR] company_id_error - name is :上海筱捷实业有限公司, company_id is null
[2015-12-08 13:46:48.868] [ERROR] company_id_error - name is :上海鹿马格实业有限公司, company_id is null
[2015-12-08 13:46:48.872] [ERROR] company_id_error - name is :上海科乌实业有限公司, company_id is null
[2015-12-08 13:46:49.047] [ERROR] company_id_error - name is :上海旁帆实业有限公司, company_id is null
[2015-12-08 13:46:49.047] [ERROR] company_id_error - name is :上海鲜沂实业有限公司, company_id is null
[2015-12-08 13:46:49.063] [ERROR] company_id_error - name is :上海戈侬实业有限公司, company_id is null
[2015-12-08 13:46:49.097] [ERROR] company_id_error - name is :上海儒帅实业有限公司, company_id is null
[2015-12-08 13:46:49.188] [ERROR] company_id_error - name is :上海琴系实业有限公司, company_id is null
[2015-12-08 13:46:49.194] [ERROR] company_id_error - name is :上海拾达实业有限公司, company_id is null
[2015-12-08 13:46:49.213] [ERROR] company_id_error - name is :上海跨技实业有限公司, company_id is null
[2015-12-08 13:46:49.229] [ERROR] company_id_error - name is :上海海缪实业有限公司, company_id is null
[2015-12-08 13:46:49.265] [ERROR] company_id_error - name is :上海滨迪实业有限公司, company_id is null
[2015-12-08 13:46:49.281] [ERROR] company_id_error - name is :上海凯桃实业有限公司, company_id is null
[2015-12-08 13:46:49.281] [ERROR] company_id_error - name is :上海侗霞实业有限公司, company_id is null
[2015-12-08 13:46:49.316] [ERROR] company_id_error - name is :上海义广实业有限公司, company_id is null
[2015-12-08 13:46:49.388] [ERROR] company_id_error - name is :上海仁契实业有限公司, company_id is null
[2015-12-08 13:46:49.731] [ERROR] company_id_error - name is :上海卉心实业有限公司, company_id is null
[2015-12-08 13:46:49.737] [ERROR] company_id_error - name is :上海辟泉实业有限公司, company_id is null
[2015-12-08 13:46:50.405] [ERROR] company_id_error - name is :上海帆陆实业有限公司, company_id is null
[2015-12-08 13:46:50.405] [ERROR] company_id_error - name is :上海慈伊实业有限公司, company_id is null
[2015-12-08 13:46:50.420] [ERROR] company_id_error - name is :上海礼博实业发展有限公司, company_id is null
[2015-12-08 13:46:55.965] [ERROR] company_id_error - name is :上海喆涛实业有限公司, company_id is null
[2015-12-08 13:54:47.002] [ERROR] company_id_error - name is :上海燕蕤实业有限公司, company_id is null
[2015-12-08 13:54:47.009] [ERROR] company_id_error - name is :上海稳飞实业有限公司, company_id is null
[2015-12-08 13:54:47.061] [ERROR] company_id_error - name is :上海涌涤实业有限公司, company_id is null
[2015-12-08 13:54:47.662] [ERROR] company_id_error - name is :上海犇帅实业有限公司, company_id is null
[2015-12-08 13:54:47.761] [ERROR] company_id_error - name is :上海系榴实业有限公司, company_id is null
[2015-12-08 13:54:47.777] [ERROR] company_id_error - name is :上海仝远实业有限公司, company_id is null
[2015-12-08 13:54:48.345] [ERROR] company_id_error - name is :上海卓纳实业有限公司, company_id is null
[2015-12-08 13:54:48.414] [ERROR] company_id_error - name is :上海谦煌实业有限公司, company_id is null
[2015-12-08 13:54:49.127] [ERROR] company_id_error - name is :上海乾岚实业有限公司, company_id is null
[2015-12-08 13:54:51.561] [ERROR] company_id_error - name is :上海崇坡实业有限公司, company_id is null
[2015-12-08 13:54:52.096] [ERROR] company_id_error - name is :上海粒记实业有限公司, company_id is null
[2015-12-08 13:54:52.111] [ERROR] company_id_error - name is :上海牧义实业有限公司, company_id is null
[2015-12-08 13:54:52.111] [ERROR] company_id_error - name is :上海顶欢实业有限公司, company_id is null
[2015-12-08 13:54:52.556] [ERROR] company_id_error - name is :上海里尘实业有限公司, company_id is null
[2015-12-08 13:54:52.877] [ERROR] company_id_error - name is :上海花泰实业有限公司, company_id is null
[2015-12-08 13:54:53.212] [ERROR] company_id_error - name is :上海贤坦实业有限公司, company_id is null
[2015-12-08 13:55:01.797] [ERROR] company_id_error - name is :上海玉藏实业有限公司, company_id is null
[2015-12-08 13:55:03.589] [ERROR] company_id_error - name is :上海聚焉实业有限公司, company_id is null
[2015-12-08 13:55:08.047] [ERROR] company_id_error - name is :上海勋驭实业有限公司, company_id is null
[2015-12-08 13:55:10.146] [ERROR] company_id_error - name is :上海鹏皇实业有限公司, company_id is null
[2015-12-08 13:55:14.827] [ERROR] company_id_error - name is :上海五恒实业有限公司, company_id is null
[2015-12-08 13:55:14.915] [ERROR] company_id_error - name is :上海朴因实业有限公司, company_id is null
[2015-12-08 13:55:14.931] [ERROR] company_id_error - name is :上海尤伊实业有限公司, company_id is null
[2015-12-08 13:55:14.931] [ERROR] company_id_error - name is :上海御霸实业有限公司, company_id is null
[2015-12-08 13:55:14.947] [ERROR] company_id_error - name is :上海轩嫣实业有限公司, company_id is null
[2015-12-08 13:55:14.950] [ERROR] company_id_error - name is :上海沃玄实业有限公司, company_id is null
[2015-12-08 13:55:15.327] [ERROR] company_id_error - name is :上海斯马利实业有限公司, company_id is null
[2015-12-08 13:55:16.911] [ERROR] company_id_error - name is :上海申兰工贸实业有限公司, company_id is null
[2015-12-08 13:55:16.911] [ERROR] company_id_error - name is :上海威杰实业有限公司, company_id is null
[2015-12-08 13:55:16.927] [ERROR] company_id_error - name is :上海恭厚实业投资有限公司, company_id is null
[2015-12-08 13:55:16.927] [ERROR] company_id_error - name is :上海春谷实业有限公司, company_id is null
[2015-12-08 13:55:16.927] [ERROR] company_id_error - name is :上海融加实业发展有限公司, company_id is null
[2015-12-08 13:55:16.927] [ERROR] company_id_error - name is :上海霖柜实业有限公司, company_id is null
[2015-12-08 13:55:16.927] [ERROR] company_id_error - name is :上海淤翔实业有限公司, company_id is null
[2015-12-08 13:55:16.943] [ERROR] company_id_error - name is :上海玑垣实业有限公司, company_id is null
[2015-12-08 13:55:16.943] [ERROR] company_id_error - name is :上海申春江实业有限公司, company_id is null
[2015-12-08 13:55:16.943] [ERROR] company_id_error - name is :上海新台实业有限公司, company_id is null
[2015-12-08 13:55:16.943] [ERROR] company_id_error - name is :上海璞圣实业有限公司, company_id is null
[2015-12-08 13:55:16.943] [ERROR] company_id_error - name is :上海恒语实业有限公司, company_id is null
[2015-12-08 13:55:16.943] [ERROR] company_id_error - name is :上海耕鸿实业有限公司, company_id is null
[2015-12-08 13:55:16.963] [ERROR] company_id_error - name is :上海莱岚实业有限公司, company_id is null
[2015-12-08 13:55:16.966] [ERROR] company_id_error - name is :上海瑾旺实业发展有限公司, company_id is null
[2015-12-08 13:55:17.153] [ERROR] company_id_error - name is :上海健星实业有限公司, company_id is null
[2015-12-08 13:55:17.159] [ERROR] company_id_error - name is :上海杨庆实业有限公司, company_id is null
[2015-12-08 13:55:17.166] [ERROR] company_id_error - name is :上海迎众实业有限公司, company_id is null
[2015-12-08 13:55:17.171] [ERROR] company_id_error - name is :上海萌勃实业有限公司, company_id is null
[2015-12-08 13:55:17.177] [ERROR] company_id_error - name is :花织实业（上海）有限公司, company_id is null
[2015-12-08 13:55:21.665] [ERROR] company_id_error - name is :上海腾曙实业有限公司, company_id is null
[2015-12-08 13:55:22.062] [ERROR] company_id_error - name is :上海七禾实业有限公司, company_id is null
[2015-12-08 13:55:22.062] [ERROR] company_id_error - name is :上海元溪实业有限公司, company_id is null
[2015-12-08 13:55:22.346] [ERROR] company_id_error - name is :上海瑶瞬实业有限公司, company_id is null
[2015-12-08 13:55:35.246] [ERROR] company_id_error - name is :上海汇磐实业有限公司, company_id is null
[2015-12-08 13:55:35.262] [ERROR] company_id_error - name is :上海徽宣实业有限公司, company_id is null
[2015-12-08 13:55:35.277] [ERROR] company_id_error - name is :上海放逐之刃实业有限公司, company_id is null
[2015-12-08 13:55:35.762] [ERROR] company_id_error - name is :上海其琛实业有限公司, company_id is null
[2015-12-08 13:55:35.777] [ERROR] company_id_error - name is :上海彬郁实业有限公司, company_id is null
[2015-12-08 13:55:44.127] [ERROR] company_id_error - name is :上海洲溪实业有限公司, company_id is null
[2015-12-08 13:55:44.483] [ERROR] company_id_error - name is :上海祎阳实业有限公司, company_id is null
[2015-12-08 13:55:44.599] [ERROR] company_id_error - name is :上海丞毅实业有限公司, company_id is null
[2015-12-08 13:55:52.177] [ERROR] company_id_error - name is :上海铁裕实业有限公司, company_id is null
[2015-12-08 13:55:52.595] [ERROR] company_id_error - name is :上海礼赫实业有限公司, company_id is null
[2015-12-08 13:55:53.976] [ERROR] company_id_error - name is :上海煌凌实业有限公司, company_id is null
[2015-12-08 13:55:57.029] [ERROR] company_id_error - name is :上海逸飒实业有限公司, company_id is null
[2015-12-08 13:55:57.048] [ERROR] company_id_error - name is :上海蓝叙实业有限公司, company_id is null
[2015-12-08 13:55:57.477] [ERROR] company_id_error - name is :上海虞州实业有限公司, company_id is null
[2015-12-08 13:56:00.195] [ERROR] company_id_error - name is :上海缀嘉实业有限公司, company_id is null
[2015-12-08 13:56:00.195] [ERROR] company_id_error - name is :医跃（上海）实业有限公司, company_id is null
[2015-12-08 13:56:00.346] [ERROR] company_id_error - name is :上海都灏实业有限公司, company_id is null
[2015-12-08 13:56:00.548] [ERROR] company_id_error - name is :上海亦烁实业有限公司, company_id is null
[2015-12-08 13:56:01.054] [ERROR] company_id_error - name is :上海巧英实业有限公司, company_id is null
[2015-12-08 13:56:14.826] [ERROR] company_id_error - name is :上海贞越实业有限公司, company_id is null
[2015-12-08 13:56:15.295] [ERROR] company_id_error - name is :上海科乌实业有限公司, company_id is null
[2015-12-08 13:56:15.778] [ERROR] company_id_error - name is :上海御贯实业有限公司, company_id is null
[2015-12-08 13:56:15.845] [ERROR] company_id_error - name is :上海仁契实业有限公司, company_id is null
[2015-12-08 13:56:15.927] [ERROR] company_id_error - name is :上海筱捷实业有限公司, company_id is null
[2015-12-08 13:56:15.950] [ERROR] company_id_error - name is :上海鹿马格实业有限公司, company_id is null
[2015-12-08 13:56:15.983] [ERROR] company_id_error - name is :上海义广实业有限公司, company_id is null
[2015-12-08 13:56:34.711] [ERROR] company_id_error - name is :上海凯桃实业有限公司, company_id is null
[2015-12-08 13:56:34.761] [ERROR] company_id_error - name is :上海琴系实业有限公司, company_id is null
[2015-12-08 13:56:34.844] [ERROR] company_id_error - name is :上海辟泉实业有限公司, company_id is null
[2015-12-08 13:56:35.361] [ERROR] company_id_error - name is :上海跨技实业有限公司, company_id is null
[2015-12-08 13:56:35.377] [ERROR] company_id_error - name is :上海戈侬实业有限公司, company_id is null
[2015-12-08 13:56:35.510] [ERROR] company_id_error - name is :上海海缪实业有限公司, company_id is null
[2015-12-08 13:56:35.676] [ERROR] company_id_error - name is :上海滨迪实业有限公司, company_id is null
[2015-12-08 13:56:35.827] [ERROR] company_id_error - name is :上海旁帆实业有限公司, company_id is null
[2015-12-08 13:56:35.877] [ERROR] company_id_error - name is :上海卉心实业有限公司, company_id is null
[2015-12-08 13:56:36.091] [ERROR] company_id_error - name is :上海侗霞实业有限公司, company_id is null
[2015-12-08 13:56:36.191] [ERROR] company_id_error - name is :上海拾达实业有限公司, company_id is null
[2015-12-08 13:56:36.361] [ERROR] company_id_error - name is :上海鲜沂实业有限公司, company_id is null
[2015-12-08 13:56:36.527] [ERROR] company_id_error - name is :上海礼博实业发展有限公司, company_id is null
[2015-12-08 13:56:37.092] [ERROR] company_id_error - name is :上海儒帅实业有限公司, company_id is null
[2015-12-08 13:56:37.326] [ERROR] company_id_error - name is :上海帆陆实业有限公司, company_id is null
[2015-12-08 13:56:37.666] [ERROR] company_id_error - name is :上海慈伊实业有限公司, company_id is null
[2015-12-08 13:56:38.918] [ERROR] company_id_error - name is :上海喆涛实业有限公司, company_id is null
[2015-12-08 13:59:32.212] [ERROR] company_id_error - name is :上海仝远实业有限公司, company_id is null
[2015-12-08 13:59:32.244] [ERROR] company_id_error - name is :上海卓纳实业有限公司, company_id is null
[2015-12-08 13:59:32.244] [ERROR] company_id_error - name is :上海涌涤实业有限公司, company_id is null
[2015-12-08 13:59:32.261] [ERROR] company_id_error - name is :上海燕蕤实业有限公司, company_id is null
[2015-12-08 13:59:32.926] [ERROR] company_id_error - name is :上海顶欢实业有限公司, company_id is null
[2015-12-08 13:59:33.510] [ERROR] company_id_error - name is :上海犇帅实业有限公司, company_id is null
[2015-12-08 13:59:33.510] [ERROR] company_id_error - name is :上海融加实业发展有限公司, company_id is null
[2015-12-08 13:59:33.541] [ERROR] company_id_error - name is :上海牧义实业有限公司, company_id is null
[2015-12-08 13:59:33.577] [ERROR] company_id_error - name is :上海系榴实业有限公司, company_id is null
[2015-12-08 13:59:33.577] [ERROR] company_id_error - name is :上海稳飞实业有限公司, company_id is null
[2015-12-08 13:59:33.577] [ERROR] company_id_error - name is :上海恭厚实业投资有限公司, company_id is null
[2015-12-08 13:59:33.627] [ERROR] company_id_error - name is :上海贤坦实业有限公司, company_id is null
[2015-12-08 13:59:33.662] [ERROR] company_id_error - name is :上海里尘实业有限公司, company_id is null
[2015-12-08 13:59:33.662] [ERROR] company_id_error - name is :上海新台实业有限公司, company_id is null
[2015-12-08 13:59:33.677] [ERROR] company_id_error - name is :上海淤翔实业有限公司, company_id is null
[2015-12-08 13:59:33.677] [ERROR] company_id_error - name is :上海崇坡实业有限公司, company_id is null
[2015-12-08 13:59:33.711] [ERROR] company_id_error - name is :上海谦煌实业有限公司, company_id is null
[2015-12-08 13:59:33.711] [ERROR] company_id_error - name is :上海聚焉实业有限公司, company_id is null
[2015-12-08 13:59:33.727] [ERROR] company_id_error - name is :上海五恒实业有限公司, company_id is null
[2015-12-08 13:59:33.727] [ERROR] company_id_error - name is :上海瑶瞬实业有限公司, company_id is null
[2015-12-08 13:59:33.743] [ERROR] company_id_error - name is :上海霖柜实业有限公司, company_id is null
[2015-12-08 13:59:33.809] [ERROR] company_id_error - name is :上海勋驭实业有限公司, company_id is null
[2015-12-08 13:59:33.960] [ERROR] company_id_error - name is :上海花泰实业有限公司, company_id is null
[2015-12-08 13:59:34.268] [ERROR] company_id_error - name is :上海粒记实业有限公司, company_id is null
[2015-12-08 13:59:34.315] [ERROR] company_id_error - name is :上海玉藏实业有限公司, company_id is null
[2015-12-08 13:59:34.429] [ERROR] company_id_error - name is :上海璞圣实业有限公司, company_id is null
[2015-12-08 13:59:34.439] [ERROR] company_id_error - name is :上海乾岚实业有限公司, company_id is null
[2015-12-08 13:59:34.443] [ERROR] company_id_error - name is :上海鹏皇实业有限公司, company_id is null
[2015-12-08 13:59:41.727] [ERROR] company_id_error - name is :上海沃玄实业有限公司, company_id is null
[2015-12-08 13:59:41.859] [ERROR] company_id_error - name is :上海尤伊实业有限公司, company_id is null
[2015-12-08 13:59:41.874] [ERROR] company_id_error - name is :上海轩嫣实业有限公司, company_id is null
[2015-12-08 13:59:41.890] [ERROR] company_id_error - name is :上海斯马利实业有限公司, company_id is null
[2015-12-08 13:59:41.909] [ERROR] company_id_error - name is :上海御霸实业有限公司, company_id is null
[2015-12-08 13:59:41.909] [ERROR] company_id_error - name is :上海朴因实业有限公司, company_id is null
[2015-12-08 13:59:43.127] [ERROR] company_id_error - name is :上海铁裕实业有限公司, company_id is null
[2015-12-08 13:59:43.209] [ERROR] company_id_error - name is :上海煌凌实业有限公司, company_id is null
[2015-12-08 13:59:43.209] [ERROR] company_id_error - name is :上海礼赫实业有限公司, company_id is null
[2015-12-08 13:59:43.455] [ERROR] company_id_error - name is :上海祎阳实业有限公司, company_id is null
[2015-12-08 13:59:43.460] [ERROR] company_id_error - name is :上海丞毅实业有限公司, company_id is null
[2015-12-08 13:59:43.460] [ERROR] company_id_error - name is :上海洲溪实业有限公司, company_id is null
[2015-12-08 13:59:43.546] [ERROR] company_id_error - name is :上海逸飒实业有限公司, company_id is null
[2015-12-08 13:59:43.552] [ERROR] company_id_error - name is :上海蓝叙实业有限公司, company_id is null
[2015-12-08 13:59:43.564] [ERROR] company_id_error - name is :上海虞州实业有限公司, company_id is null
[2015-12-08 13:59:43.869] [ERROR] company_id_error - name is :上海汇磐实业有限公司, company_id is null
[2015-12-08 13:59:44.009] [ERROR] company_id_error - name is :上海其琛实业有限公司, company_id is null
[2015-12-08 13:59:44.025] [ERROR] company_id_error - name is :上海彬郁实业有限公司, company_id is null
[2015-12-08 13:59:44.064] [ERROR] company_id_error - name is :上海放逐之刃实业有限公司, company_id is null
[2015-12-08 13:59:44.067] [ERROR] company_id_error - name is :上海徽宣实业有限公司, company_id is null
[2015-12-08 13:59:54.194] [ERROR] company_id_error - name is :上海缀嘉实业有限公司, company_id is null
[2015-12-08 13:59:54.194] [ERROR] company_id_error - name is :上海亦烁实业有限公司, company_id is null
[2015-12-08 13:59:54.272] [ERROR] company_id_error - name is :医跃（上海）实业有限公司, company_id is null
[2015-12-08 13:59:54.319] [ERROR] company_id_error - name is :上海都灏实业有限公司, company_id is null
[2015-12-08 13:59:54.334] [ERROR] company_id_error - name is :上海巧英实业有限公司, company_id is null
[2015-12-08 13:59:55.721] [ERROR] company_id_error - name is :上海鹿马格实业有限公司, company_id is null
[2015-12-08 13:59:55.889] [ERROR] company_id_error - name is :上海筱捷实业有限公司, company_id is null
[2015-12-08 13:59:55.969] [ERROR] company_id_error - name is :上海义广实业有限公司, company_id is null
[2015-12-08 13:59:56.009] [ERROR] company_id_error - name is :上海仁契实业有限公司, company_id is null
[2015-12-08 13:59:56.009] [ERROR] company_id_error - name is :上海科乌实业有限公司, company_id is null
[2015-12-08 13:59:56.097] [ERROR] company_id_error - name is :上海御贯实业有限公司, company_id is null
[2015-12-08 13:59:56.100] [ERROR] company_id_error - name is :上海贞越实业有限公司, company_id is null
[2015-12-08 13:59:56.733] [ERROR] company_id_error - name is :上海拾达实业有限公司, company_id is null
[2015-12-08 13:59:56.748] [ERROR] company_id_error - name is :上海鲜沂实业有限公司, company_id is null
[2015-12-08 13:59:56.764] [ERROR] company_id_error - name is :上海凯桃实业有限公司, company_id is null
[2015-12-08 13:59:56.764] [ERROR] company_id_error - name is :上海跨技实业有限公司, company_id is null
[2015-12-08 13:59:56.779] [ERROR] company_id_error - name is :上海滨迪实业有限公司, company_id is null
[2015-12-08 13:59:56.811] [ERROR] company_id_error - name is :上海旁帆实业有限公司, company_id is null
[2015-12-08 13:59:56.811] [ERROR] company_id_error - name is :上海海缪实业有限公司, company_id is null
[2015-12-08 13:59:56.873] [ERROR] company_id_error - name is :上海儒帅实业有限公司, company_id is null
[2015-12-08 13:59:56.889] [ERROR] company_id_error - name is :上海琴系实业有限公司, company_id is null
[2015-12-08 13:59:56.889] [ERROR] company_id_error - name is :上海卉心实业有限公司, company_id is null
[2015-12-08 13:59:56.904] [ERROR] company_id_error - name is :上海侗霞实业有限公司, company_id is null
[2015-12-08 13:59:56.904] [ERROR] company_id_error - name is :上海辟泉实业有限公司, company_id is null
[2015-12-08 13:59:57.045] [ERROR] company_id_error - name is :上海戈侬实业有限公司, company_id is null
[2015-12-08 13:59:58.221] [ERROR] company_id_error - name is :上海慈伊实业有限公司, company_id is null
[2015-12-08 13:59:58.221] [ERROR] company_id_error - name is :上海帆陆实业有限公司, company_id is null
[2015-12-08 13:59:58.221] [ERROR] company_id_error - name is :上海礼博实业发展有限公司, company_id is null
[2015-12-08 14:00:07.346] [ERROR] company_id_error - name is :上海喆涛实业有限公司, company_id is null
[2015-12-08 14:01:03.959] [ERROR] company_id_error - name is :上海旅加实业有限公司, company_id is null
[2015-12-08 14:01:04.059] [ERROR] company_id_error - name is :上海岁弘实业有限公司, company_id is null
[2015-12-08 14:01:04.140] [ERROR] company_id_error - name is :上海博霄实业有限公司, company_id is null
[2015-12-08 14:01:04.253] [ERROR] company_id_error - name is :上海淡启实业有限公司, company_id is null
[2015-12-08 14:01:04.257] [ERROR] company_id_error - name is :上海疃团实业发展有限公司, company_id is null
[2015-12-08 14:01:04.259] [ERROR] company_id_error - name is :上海精兼实业有限公司, company_id is null
[2015-12-08 14:01:04.259] [ERROR] company_id_error - name is :上海堃九实业投资有限公司, company_id is null
[2015-12-08 14:01:04.259] [ERROR] company_id_error - name is :凡悠实业（上海）有限公司, company_id is null
[2015-12-08 14:01:04.274] [ERROR] company_id_error - name is :上海托齐实业有限公司, company_id is null
[2015-12-08 14:01:04.374] [ERROR] company_id_error - name is :上海鲜麦果实业有限公司, company_id is null
[2015-12-08 14:01:04.390] [ERROR] company_id_error - name is :上海卞新实业有限公司, company_id is null
[2015-12-08 14:01:04.407] [ERROR] company_id_error - name is :涵恬（上海）实业有限公司, company_id is null
[2015-12-08 14:01:04.425] [ERROR] company_id_error - name is :上海富镝实业有限公司, company_id is null
[2015-12-08 14:01:04.525] [ERROR] company_id_error - name is :上海双仁实业投资有限公司, company_id is null
[2015-12-08 14:01:04.575] [ERROR] company_id_error - name is :上海封怆实业有限公司, company_id is null
[2015-12-08 14:01:04.609] [ERROR] company_id_error - name is :上海颜系实业有限公司, company_id is null
[2015-12-08 14:01:04.609] [ERROR] company_id_error - name is :上海复能实业有限公司, company_id is null
[2015-12-08 14:01:04.873] [ERROR] company_id_error - name is :上海禹妲实业有限公司, company_id is null
[2015-12-08 14:01:05.025] [ERROR] company_id_error - name is :上海语骐瑞实业有限公司, company_id is null
[2015-12-08 14:01:05.109] [ERROR] company_id_error - name is :上海稷川实业发展有限公司, company_id is null
[2015-12-08 14:01:05.109] [ERROR] company_id_error - name is :上海今薇实业有限公司, company_id is null
[2015-12-08 14:01:05.160] [ERROR] company_id_error - name is :上海洵鑫实业有限公司, company_id is null
[2015-12-08 14:01:05.164] [ERROR] company_id_error - name is :上海化芩实业有限公司, company_id is null
[2015-12-08 14:01:05.626] [ERROR] company_id_error - name is :赤途实业（上海）有限公司, company_id is null
[2015-12-08 14:01:05.662] [ERROR] company_id_error - name is :上海垚启实业有限公司, company_id is null
[2015-12-08 14:01:05.909] [ERROR] company_id_error - name is :上海奢彤实业有限公司, company_id is null
[2015-12-08 14:01:05.959] [ERROR] company_id_error - name is :上海恳优实业有限公司, company_id is null
[2015-12-08 14:01:05.975] [ERROR] company_id_error - name is :上海炯尚实业有限公司, company_id is null
[2015-12-08 14:01:15.243] [ERROR] company_id_error - name is :上海祎颜实业有限公司, company_id is null
[2015-12-08 14:01:15.490] [ERROR] company_id_error - name is :上海段式实业有限公司, company_id is null
[2015-12-08 14:01:16.335] [ERROR] company_id_error - name is :上海劭壹实业有限公司, company_id is null
[2015-12-08 14:01:16.441] [ERROR] company_id_error - name is :上海晖曜实业有限公司, company_id is null
[2015-12-08 14:01:16.461] [ERROR] company_id_error - name is :上海瑾骞实业有限公司, company_id is null
[2015-12-08 14:01:17.423] [ERROR] company_id_error - name is :上海秋昱实业有限公司, company_id is null
[2015-12-08 14:01:17.439] [ERROR] company_id_error - name is :上海伞巨实业有限公司, company_id is null
[2015-12-08 14:01:17.532] [ERROR] company_id_error - name is :上海贺闻实业有限公司, company_id is null
[2015-12-08 14:01:17.532] [ERROR] company_id_error - name is :上海新路实业有限公司桂林路三店, company_id is null
[2015-12-08 14:01:17.657] [ERROR] company_id_error - name is :上海巽创实业有限公司, company_id is null
[2015-12-08 14:01:17.688] [ERROR] company_id_error - name is :上海享寓实业有限公司, company_id is null
[2015-12-08 14:01:17.797] [ERROR] company_id_error - name is :上海敷印实业有限公司, company_id is null
[2015-12-08 14:01:17.829] [ERROR] company_id_error - name is :上海导赢实业有限公司, company_id is null
[2015-12-08 14:01:17.844] [ERROR] company_id_error - name is :上海企鲁实业发展有限公司, company_id is null
[2015-12-08 14:01:17.844] [ERROR] company_id_error - name is :上海均锐实业有限公司, company_id is null
[2015-12-08 14:01:18.468] [ERROR] company_id_error - name is :上海晋翼实业有限公司, company_id is null
[2015-12-08 14:01:18.508] [ERROR] company_id_error - name is :上海督硕实业发展有限公司, company_id is null
[2015-12-08 14:01:18.565] [ERROR] company_id_error - name is :上海卧金实业有限公司, company_id is null
[2015-12-08 14:01:18.602] [ERROR] company_id_error - name is :上海邢广实业有限公司, company_id is null
[2015-12-08 14:01:18.721] [ERROR] company_id_error - name is :上海渺素实业发展有限公司, company_id is null
[2015-12-08 14:01:18.781] [ERROR] company_id_error - name is :上海琰安实业有限公司, company_id is null
[2015-12-08 14:01:18.785] [ERROR] company_id_error - name is :破茧（上海）实业有限公司, company_id is null
[2015-12-08 14:01:22.454] [ERROR] company_id_error - name is :上海炜津实业有限公司, company_id is null
[2015-12-08 14:01:22.571] [ERROR] company_id_error - name is :上海莼裕实业有限公司, company_id is null
[2015-12-08 14:01:22.576] [ERROR] company_id_error - name is :戎森（上海）实业有限公司, company_id is null
[2015-12-08 14:01:27.422] [ERROR] company_id_error - name is :上海怡贯实业有限公司, company_id is null
[2015-12-08 14:01:27.429] [ERROR] company_id_error - name is :上海相伯实业有限公司, company_id is null
[2015-12-08 14:01:27.444] [ERROR] company_id_error - name is :上海新路实业有限公司秋雨路店, company_id is null
[2015-12-08 14:01:27.460] [ERROR] company_id_error - name is :上海睿殷实业有限公司, company_id is null
[2015-12-08 14:01:27.476] [ERROR] company_id_error - name is :上海竹冲实业有限公司, company_id is null
[2015-12-08 14:01:27.491] [ERROR] company_id_error - name is :上海朵怡实业有限公司, company_id is null
[2015-12-08 14:01:27.569] [ERROR] company_id_error - name is :上海欣娟实业有限公司, company_id is null
[2015-12-08 14:01:27.585] [ERROR] company_id_error - name is :上海闽君实业有限公司, company_id is null
[2015-12-08 14:01:27.600] [ERROR] company_id_error - name is :上海久芮实业有限公司, company_id is null
[2015-12-08 14:01:27.600] [ERROR] company_id_error - name is :上海赐宝实业有限公司, company_id is null
[2015-12-08 14:01:27.600] [ERROR] company_id_error - name is :上海太紫实业有限公司, company_id is null
[2015-12-08 14:01:30.342] [ERROR] company_id_error - name is :上海进磊实业有限公司, company_id is null
[2015-12-08 14:01:30.468] [ERROR] company_id_error - name is :上海称迷实业有限公司, company_id is null
[2015-12-08 14:01:30.487] [ERROR] company_id_error - name is :上海溢晏实业有限公司, company_id is null
[2015-12-08 14:01:30.574] [ERROR] company_id_error - name is :上海昆起实业有限公司, company_id is null
[2015-12-08 14:01:32.131] [ERROR] company_id_error - name is :上海春锴实业有限公司, company_id is null
[2015-12-08 14:01:32.145] [ERROR] company_id_error - name is :上海仝甬实业有限公司, company_id is null
[2015-12-08 14:01:32.174] [ERROR] company_id_error - name is :上海娜磊实业有限公司, company_id is null
