[2015-12-08 13:07:15.572] [INFO] company_name_error - 上海颖儿实业有限公司中山北路分公司 is in keywords
[2015-12-08 13:07:16.114] [INFO] company_name_error - 南平天宇实业有限公司上海分公司 is in keywords
[2015-12-08 13:07:27.484] [INFO] company_name_error - 上海森盛实业有限公司远东分公司 is in keywords
[2015-12-08 13:07:31.415] [INFO] company_name_error - 无锡惠澄实业发展有限公司上海分公司 is in keywords
[2015-12-08 13:09:31.806] [INFO] company_name_error - 上海颖儿实业有限公司中山北路分公司 is in keywords
[2015-12-08 13:09:33.102] [INFO] company_name_error - 南平天宇实业有限公司上海分公司 is in keywords
[2015-12-08 13:09:45.138] [INFO] company_name_error - 上海森盛实业有限公司远东分公司 is in keywords
[2015-12-08 13:09:51.692] [INFO] company_name_error - 无锡惠澄实业发展有限公司上海分公司 is in keywords
[2015-12-08 13:13:10.251] [INFO] company_name_error - 上海颖儿实业有限公司中山北路分公司 is in keywords
[2015-12-08 13:13:12.671] [INFO] company_name_error - 南平天宇实业有限公司上海分公司 is in keywords
[2015-12-08 13:13:28.421] [INFO] company_name_error - 上海森盛实业有限公司远东分公司 is in keywords
[2015-12-08 13:13:32.681] [INFO] company_name_error - 无锡惠澄实业发展有限公司上海分公司 is in keywords
[2015-12-08 13:18:12.236] [INFO] company_name_error - 上海颖儿实业有限公司中山北路分公司 is in keywords
[2015-12-08 13:18:12.298] [INFO] company_name_error - 南平天宇实业有限公司上海分公司 is in keywords
[2015-12-08 13:18:32.635] [INFO] company_name_error - 上海森盛实业有限公司远东分公司 is in keywords
[2015-12-08 13:18:32.991] [INFO] company_name_error - 无锡惠澄实业发展有限公司上海分公司 is in keywords
[2015-12-08 13:40:37.764] [INFO] company_name_error - 上海颖儿实业有限公司中山北路分公司 is in keywords
[2015-12-08 13:40:37.852] [INFO] company_name_error - 南平天宇实业有限公司上海分公司 is in keywords
[2015-12-08 13:40:52.793] [INFO] company_name_error - 上海森盛实业有限公司远东分公司 is in keywords
[2015-12-08 13:40:57.984] [INFO] company_name_error - 无锡惠澄实业发展有限公司上海分公司 is in keywords
[2015-12-08 13:42:45.838] [INFO] company_name_error - 上海颖儿实业有限公司中山北路分公司 is in keywords
[2015-12-08 13:42:46.202] [INFO] company_name_error - 南平天宇实业有限公司上海分公司 is in keywords
[2015-12-08 13:46:40.043] [INFO] company_name_error - 南平天宇实业有限公司上海分公司 is in keywords
[2015-12-08 13:46:40.705] [INFO] company_name_error - 上海颖儿实业有限公司中山北路分公司 is in keywords
[2015-12-08 13:46:50.116] [INFO] company_name_error - 上海森盛实业有限公司远东分公司 is in keywords
[2015-12-08 13:46:55.649] [INFO] company_name_error - 无锡惠澄实业发展有限公司上海分公司 is in keywords
[2015-12-08 13:55:43.554] [INFO] company_name_error - 上海颖儿实业有限公司中山北路分公司 is in keywords
[2015-12-08 13:55:56.449] [INFO] company_name_error - 南平天宇实业有限公司上海分公司 is in keywords
[2015-12-08 13:56:36.131] [INFO] company_name_error - 上海森盛实业有限公司远东分公司 is in keywords
[2015-12-08 13:56:38.011] [INFO] company_name_error - 无锡惠澄实业发展有限公司上海分公司 is in keywords
[2015-12-08 13:59:43.010] [INFO] company_name_error - 上海颖儿实业有限公司中山北路分公司 is in keywords
[2015-12-08 13:59:43.095] [INFO] company_name_error - 南平天宇实业有限公司上海分公司 is in keywords
[2015-12-08 13:59:57.851] [INFO] company_name_error - 上海森盛实业有限公司远东分公司 is in keywords
[2015-12-08 14:00:06.935] [INFO] company_name_error - 无锡惠澄实业发展有限公司上海分公司 is in keywords
[2015-12-08 14:01:03.759] [INFO] company_name_error - 上海叠兴实业有限公司浦东分公司 is in keywords
[2015-12-08 14:01:04.223] [INFO] company_name_error - 上海亿方实业有限公司松江分公司 is in keywords
[2015-12-08 14:01:05.465] [INFO] company_name_error - 上海亿方实业有限公司松江分公司 is in keywords
[2015-12-08 14:01:16.016] [INFO] company_name_error - 上海朕昱实业有限公司分公司 is in keywords
[2015-12-08 14:01:17.090] [INFO] company_name_error - 上海于新实业发展有限公司黄浦分公司 is in keywords
[2015-12-08 14:01:25.869] [INFO] company_name_error - 上海灵治实业有限公司分公司 is in keywords
[2015-12-08 14:01:30.129] [INFO] company_name_error - 上海大美实业有限公司虹桥分公司 is in keywords
[2015-12-08 14:01:30.131] [INFO] company_name_error - 神农客实业（上海）有限公司第一分公司 is in keywords
[2015-12-08 14:01:31.895] [INFO] company_name_error - 上海昕彤实业发展有限公司普陀分公司 is in keywords
